2025-02-26 18:21:29,936 - INFO - [2025-02-26T18:21:29.936458] IP: 127.0.0.1 | User-Agent: PostmanRuntime/7.39.1 | Input: SELECT * FROM users
2025-02-26 18:21:29,946 - INFO - [2025-02-26T18:21:29.936458] Prediction: SQL Injection
2025-02-26 18:24:36,621 - INFO - [2025-02-26T18:24:36.621507] IP: 127.0.0.1 | User-Agent: PostmanRuntime/7.39.1 | Input: <script>alert('Hacked!')</script>
2025-02-26 18:24:36,631 - INFO - [2025-02-26T18:24:36.621507] Prediction: XSS
2025-02-26 22:13:18,469 - INFO - [2025-02-26T22:13:18.469795] IP: 127.0.0.1 | User-Agent: PostmanRuntime/7.39.1 | Input: Halo, selamat datang di website kami!
2025-02-26 22:13:18,482 - INFO - [2025-02-26T22:13:18.469795] Prediksi: Normal
2025-02-26 22:13:34,800 - INFO - [2025-02-26T22:13:34.800682] IP: 127.0.0.1 | User-Agent: PostmanRuntime/7.39.1 | Input: SELECT * FROM users WHERE username='admin' --
2025-02-26 22:13:34,819 - INFO - [2025-02-26T22:13:34.800682] Prediksi: SQL Injection
2025-02-26 22:13:42,719 - INFO - [2025-02-26T22:13:42.719402] IP: 127.0.0.1 | User-Agent: PostmanRuntime/7.39.1 | Input: <script>alert('XSS')</script>
2025-02-26 22:13:42,727 - INFO - [2025-02-26T22:13:42.719402] Prediksi: XSS
2025-02-28 01:52:30,503 - INFO - [2025-02-28T01:52:30.503068] IP: 127.0.0.1 | User-Agent: PostmanRuntime/7.39.1 | Input: SELECT * FROM users
2025-02-28 14:19:28,204 - INFO - [2025-02-28T14:19:28.204755] IP: 127.0.0.1 | User-Agent: PostmanRuntime/7.39.1 | Input: SELECT * FROM users WHERE username='admin' --
2025-02-28 14:19:28,205 - INFO - [2025-02-28T14:19:28.204755] Validasi awal mendeteksi: SQL Injection
2025-02-28 14:19:39,276 - INFO - [2025-02-28T14:19:39.276889] IP: 127.0.0.1 | User-Agent: PostmanRuntime/7.39.1 | Input: <script>alert('XSS')</script>
2025-02-28 14:19:39,278 - INFO - [2025-02-28T14:19:39.276889] Validasi awal mendeteksi: XSS
2025-02-28 14:21:08,474 - INFO - [2025-02-28T14:21:08.474481] IP: 127.0.0.1 | User-Agent: PostmanRuntime/7.39.1 | Input: ' OR '1'='1' --
2025-02-28 14:21:08,491 - INFO - [2025-02-28T14:21:08.474481] Prediksi: SQL Injection
2025-02-28 14:23:02,027 - INFO - [2025-02-28T14:23:02.027696] IP: 127.0.0.1 | User-Agent: PostmanRuntime/7.39.1 | Input: Makan
2025-02-28 14:23:02,044 - INFO - [2025-02-28T14:23:02.027696] Prediksi: Normal
2025-02-28 14:28:46,237 - INFO - [2025-02-28T14:28:46.237514] IP: 127.0.0.1 | User-Agent: PostmanRuntime/7.39.1 | Input: Hello, this is a normal message.
2025-02-28 14:28:46,259 - INFO - [2025-02-28T14:28:46.237514] Prediksi: XSS
2025-02-28 22:23:23,450 - INFO - [2025-02-28T22:23:23.450794] IP: 127.0.0.1 | User-Agent: PostmanRuntime/7.39.1 | Input: Select * from users
2025-02-28 22:23:23,452 - INFO - [2025-02-28T22:23:23.450794] Validasi awal mendeteksi: SQL Injection
2025-03-03 09:11:52,880 - INFO - [2025-03-03T09:11:52.880074] IP: 127.0.0.1 | User-Agent: PostmanRuntime/7.39.1 | Input: SELECT * FROM users
2025-03-03 09:11:52,880 - INFO - [2025-03-03T09:11:52.880074] IP: 127.0.0.1 | User-Agent: PostmanRuntime/7.39.1 | Input: SELECT * FROM users
2025-03-03 09:11:52,885 - INFO - [2025-03-03T09:11:52.880074] Validasi awal mendeteksi: SQL Injection
2025-03-03 09:11:52,885 - INFO - [2025-03-03T09:11:52.880074] Validasi awal mendeteksi: SQL Injection
2025-03-10 08:39:37,287 - INFO - Processing payload from IP ::1: {
    "method": "GET",
    "url": "\/moodle\/admin\/settings.php?section=frontpagesettings",
    "body": "section=frontpagesettings"
}
2025-03-10 08:39:37,287 - INFO - Processing payload from IP ::1: {
    "method": "GET",
    "url": "\/moodle\/admin\/settings.php?section=frontpagesettings",
    "body": "section=frontpagesettings"
}
2025-03-10 08:39:37,287 - INFO - Processing payload from IP ::1: {
    "method": "GET",
    "url": "\/moodle\/admin\/settings.php?section=frontpagesettings",
    "body": "section=frontpagesettings"
}
2025-03-10 08:39:37,287 - INFO - Processing payload from IP ::1: {
    "method": "GET",
    "url": "\/moodle\/admin\/settings.php?section=frontpagesettings",
    "body": "section=frontpagesettings"
}
2025-03-10 08:39:37,289 - INFO - [2025-03-10T08:39:37.289819] IP: ::1 | User-Agent: Tidak Diketahui | Input: {
    "method": "GET",
    "url": "\/moodle\/admin\/settings.php?section=frontpagesettings",
    "body": "section=frontpagesettings"
}
2025-03-10 08:39:37,290 - INFO - [2025-03-10T08:39:37.290818] IP: ::1 | User-Agent: Tidak Diketahui | Input: {
    "method": "GET",
    "url": "\/moodle\/admin\/settings.php?section=frontpagesettings",
    "body": "section=frontpagesettings"
}
2025-03-10 08:39:37,289 - INFO - [2025-03-10T08:39:37.289819] IP: ::1 | User-Agent: Tidak Diketahui | Input: {
    "method": "GET",
    "url": "\/moodle\/admin\/settings.php?section=frontpagesettings",
    "body": "section=frontpagesettings"
}
2025-03-10 08:39:37,290 - INFO - [2025-03-10T08:39:37.290818] IP: ::1 | User-Agent: Tidak Diketahui | Input: {
    "method": "GET",
    "url": "\/moodle\/admin\/settings.php?section=frontpagesettings",
    "body": "section=frontpagesettings"
}
2025-03-10 08:39:37,299 - INFO - [2025-03-10T08:39:37.289819] Prediksi: XSS
2025-03-10 08:39:37,299 - INFO - [2025-03-10T08:39:37.290818] Prediksi: XSS
2025-03-10 08:39:37,299 - INFO - [2025-03-10T08:39:37.289819] Prediksi: XSS
2025-03-10 08:39:37,299 - INFO - [2025-03-10T08:39:37.290818] Prediksi: XSS
2025-03-10 08:39:37,302 - INFO - Prediction result: {'prediction': 'XSS'}
2025-03-10 08:39:37,302 - INFO - Prediction result: {'prediction': 'XSS'}
2025-03-10 08:39:37,302 - INFO - Prediction result: {'prediction': 'XSS'}
2025-03-10 08:39:37,302 - INFO - Prediction result: {'prediction': 'XSS'}
2025-03-10 08:44:18,718 - INFO - Processing payload from IP ::1: {
    "method": "GET",
    "url": "\/moodle\/my\/courses.php",
    "body": ""
}
2025-03-10 08:44:18,718 - INFO - Processing payload from IP ::1: {
    "method": "GET",
    "url": "\/moodle\/my\/courses.php",
    "body": ""
}
2025-03-10 08:44:18,718 - INFO - Processing payload from IP ::1: {
    "method": "GET",
    "url": "\/moodle\/my\/courses.php",
    "body": ""
}
2025-03-10 08:44:18,721 - INFO - [2025-03-10T08:44:18.720699] IP: ::1 | User-Agent: Tidak Diketahui | Input: {
    "method": "GET",
    "url": "\/moodle\/my\/courses.php",
    "body": ""
}
2025-03-10 08:44:18,721 - INFO - [2025-03-10T08:44:18.721698] IP: ::1 | User-Agent: Tidak Diketahui | Input: {
    "method": "GET",
    "url": "\/moodle\/my\/courses.php",
    "body": ""
}
2025-03-10 08:44:18,721 - INFO - [2025-03-10T08:44:18.720699] IP: ::1 | User-Agent: Tidak Diketahui | Input: {
    "method": "GET",
    "url": "\/moodle\/my\/courses.php",
    "body": ""
}
2025-03-10 08:44:18,721 - INFO - [2025-03-10T08:44:18.721698] IP: ::1 | User-Agent: Tidak Diketahui | Input: {
    "method": "GET",
    "url": "\/moodle\/my\/courses.php",
    "body": ""
}
2025-03-10 08:44:18,730 - INFO - [2025-03-10T08:44:18.721698] Prediksi: XSS
2025-03-10 08:44:18,730 - INFO - [2025-03-10T08:44:18.720699] Prediksi: XSS
2025-03-10 08:44:18,730 - INFO - [2025-03-10T08:44:18.720699] Prediksi: XSS
2025-03-10 08:44:18,730 - INFO - [2025-03-10T08:44:18.721698] Prediksi: XSS
2025-03-10 08:44:18,732 - INFO - Prediction result: {'prediction': 'XSS'}
2025-03-10 08:44:18,732 - INFO - Prediction result: {'prediction': 'XSS'}
2025-03-10 08:44:18,732 - INFO - Prediction result: {'prediction': 'XSS'}
2025-03-10 08:44:18,732 - INFO - Prediction result: {'prediction': 'XSS'}
2025-03-10 08:44:22,190 - INFO - Processing payload from IP ::1: {
    "method": "POST",
    "url": "http:\/\/localhost\/moodle\/my\/courses.php",
    "body": {
        "category": "1",
        "sesskey": "pHoiscYPmD",
        "submitted_at": "2025-03-10T01:44:22.001Z"
    }
}
2025-03-10 08:44:22,190 - INFO - Processing payload from IP ::1: {
    "method": "POST",
    "url": "http:\/\/localhost\/moodle\/my\/courses.php",
    "body": {
        "category": "1",
        "sesskey": "pHoiscYPmD",
        "submitted_at": "2025-03-10T01:44:22.001Z"
    }
}
2025-03-10 08:44:22,191 - INFO - Processing payload from IP ::1: {
    "method": "POST",
    "url": "http:\/\/localhost\/moodle\/my\/courses.php",
    "body": {
        "category": "1",
        "sesskey": "pHoiscYPmD",
        "submitted_at": "2025-03-10T01:44:22.001Z"
    }
}
2025-03-10 08:44:22,191 - INFO - Processing payload from IP ::1: {
    "method": "POST",
    "url": "http:\/\/localhost\/moodle\/my\/courses.php",
    "body": {
        "category": "1",
        "sesskey": "pHoiscYPmD",
        "submitted_at": "2025-03-10T01:44:22.001Z"
    }
}
2025-03-10 08:44:22,192 - INFO - [2025-03-10T08:44:22.192950] IP: ::1 | User-Agent: Tidak Diketahui | Input: {
    "method": "POST",
    "url": "http:\/\/localhost\/moodle\/my\/courses.php",
    "body": {
        "category": "1",
        "sesskey": "pHoiscYPmD",
        "submitted_at": "2025-03-10T01:44:22.001Z"
    }
}
2025-03-10 08:44:22,192 - INFO - [2025-03-10T08:44:22.192950] IP: ::1 | User-Agent: Tidak Diketahui | Input: {
    "method": "POST",
    "url": "http:\/\/localhost\/moodle\/my\/courses.php",
    "body": {
        "category": "1",
        "sesskey": "pHoiscYPmD",
        "submitted_at": "2025-03-10T01:44:22.001Z"
    }
}
2025-03-10 08:44:22,193 - INFO - [2025-03-10T08:44:22.193951] IP: ::1 | User-Agent: Tidak Diketahui | Input: {
    "method": "POST",
    "url": "http:\/\/localhost\/moodle\/my\/courses.php",
    "body": {
        "category": "1",
        "sesskey": "pHoiscYPmD",
        "submitted_at": "2025-03-10T01:44:22.001Z"
    }
}
2025-03-10 08:44:22,193 - INFO - [2025-03-10T08:44:22.193951] IP: ::1 | User-Agent: Tidak Diketahui | Input: {
    "method": "POST",
    "url": "http:\/\/localhost\/moodle\/my\/courses.php",
    "body": {
        "category": "1",
        "sesskey": "pHoiscYPmD",
        "submitted_at": "2025-03-10T01:44:22.001Z"
    }
}
2025-03-10 08:44:22,202 - INFO - [2025-03-10T08:44:22.192950] Prediksi: Normal
2025-03-10 08:44:22,202 - INFO - [2025-03-10T08:44:22.192950] Prediksi: Normal
2025-03-10 08:44:22,202 - INFO - [2025-03-10T08:44:22.193951] Prediksi: Normal
2025-03-10 08:44:22,202 - INFO - [2025-03-10T08:44:22.193951] Prediksi: Normal
2025-03-10 08:44:22,204 - INFO - Prediction result: {'prediction': 'Normal'}
2025-03-10 08:44:22,204 - INFO - Prediction result: {'prediction': 'Normal'}
2025-03-10 08:44:22,208 - INFO - Prediction result: {'prediction': 'Normal'}
2025-03-10 08:44:22,208 - INFO - Prediction result: {'prediction': 'Normal'}
2025-03-10 08:44:24,402 - INFO - Processing payload from IP ::1: {
    "method": "POST",
    "url": "\/moodle\/course\/edit.php",
    "body": {
        "category": "1",
        "sesskey": "pHoiscYPmD"
    }
}
2025-03-10 08:44:24,402 - INFO - Processing payload from IP ::1: {
    "method": "POST",
    "url": "\/moodle\/course\/edit.php",
    "body": {
        "category": "1",
        "sesskey": "pHoiscYPmD"
    }
}
2025-03-10 08:44:24,402 - INFO - Processing payload from IP ::1: {
    "method": "POST",
    "url": "\/moodle\/course\/edit.php",
    "body": {
        "category": "1",
        "sesskey": "pHoiscYPmD"
    }
}
2025-03-10 08:44:24,405 - INFO - [2025-03-10T08:44:24.404886] IP: ::1 | User-Agent: Tidak Diketahui | Input: {
    "method": "POST",
    "url": "\/moodle\/course\/edit.php",
    "body": {
        "category": "1",
        "sesskey": "pHoiscYPmD"
    }
}
2025-03-10 08:44:24,405 - INFO - [2025-03-10T08:44:24.404886] IP: ::1 | User-Agent: Tidak Diketahui | Input: {
    "method": "POST",
    "url": "\/moodle\/course\/edit.php",
    "body": {
        "category": "1",
        "sesskey": "pHoiscYPmD"
    }
}
2025-03-10 08:44:24,406 - INFO - [2025-03-10T08:44:24.406866] IP: ::1 | User-Agent: Tidak Diketahui | Input: {
    "method": "POST",
    "url": "\/moodle\/course\/edit.php",
    "body": {
        "category": "1",
        "sesskey": "pHoiscYPmD"
    }
}
2025-03-10 08:44:24,406 - INFO - [2025-03-10T08:44:24.406866] IP: ::1 | User-Agent: Tidak Diketahui | Input: {
    "method": "POST",
    "url": "\/moodle\/course\/edit.php",
    "body": {
        "category": "1",
        "sesskey": "pHoiscYPmD"
    }
}
2025-03-10 08:44:24,414 - INFO - [2025-03-10T08:44:24.404886] Prediksi: XSS
2025-03-10 08:44:24,415 - INFO - [2025-03-10T08:44:24.406866] Prediksi: XSS
2025-03-10 08:44:24,415 - INFO - [2025-03-10T08:44:24.406866] Prediksi: XSS
2025-03-10 08:44:24,414 - INFO - [2025-03-10T08:44:24.404886] Prediksi: XSS
2025-03-10 08:44:24,417 - INFO - Prediction result: {'prediction': 'XSS'}
2025-03-10 08:44:24,417 - INFO - Prediction result: {'prediction': 'XSS'}
2025-03-10 08:44:24,417 - INFO - Prediction result: {'prediction': 'XSS'}
2025-03-10 08:44:24,417 - INFO - Prediction result: {'prediction': 'XSS'}
2025-03-10 08:46:37,153 - INFO - Processing payload from IP ::1: {
    "method": "POST",
    "url": "http:\/\/localhost\/moodle\/course\/edit.php",
    "body": {
        "returnto": "0",
        "returnurl": "http:\/\/localhost\/moodle\/course\/",
        "mform_isexpanded_id_descriptionhdr": "1",
        "addcourseformatoptionshere": "",
        "id": "",
        "sesskey": "pHoiscYPmD",
        "_qf__course_edit_form": "1",
        "mform_isexpanded_id_general": "1",
        "mform_isexpanded_id_courseformathdr": "0",
        "mform_isexpanded_id_appearancehdr": "0",
        "mform_isexpanded_id_filehdr": "0",
        "mform_isexpanded_id_completionhdr": "0",
        "mform_isexpanded_id_groups": "0",
        "mform_isexpanded_id_tagshdr": "0",
        "fullname": "Pembelajaran Mesin",
        "shortname": "PM",
        "category": "1",
        "visible": "1",
        "startdate": {
            "day": "11",
            "month": "3",
            "year": "2025",
            "hour": "0",
            "minute": "0"
        },
        "enddate": {
            "enabled": "1",
            "day": "11",
            "month": "3",
            "year": "2026",
            "hour": "0",
            "minute": "0"
        },
        "idnumber": "",
        "summary_editor": {
            "text": "",
            "format": "1",
            "itemid": "55387917"
        },
        "overviewfiles_filemanager": "178524149",
        "format": "topics",
        "numsections": "4",
        "hiddensections": "1",
        "coursedisplay": "0",
        "lang": "",
        "newsitems": "5",
        "showgrades": "1",
        "showreports": "0",
        "showactivitydates": "1",
        "maxbytes": "0",
        "enablecompletion": "1",
        "showcompletionconditions": "1",
        "groupmode": "0",
        "groupmodeforce": "0",
        "defaultgroupingid": "0",
        "tags": "_qf__force_multiselect_submission",
        "submitted_at": "2025-03-10T01:46:36.875Z"
    }
}
2025-03-10 08:46:37,153 - INFO - Processing payload from IP ::1: {
    "method": "POST",
    "url": "http:\/\/localhost\/moodle\/course\/edit.php",
    "body": {
        "returnto": "0",
        "returnurl": "http:\/\/localhost\/moodle\/course\/",
        "mform_isexpanded_id_descriptionhdr": "1",
        "addcourseformatoptionshere": "",
        "id": "",
        "sesskey": "pHoiscYPmD",
        "_qf__course_edit_form": "1",
        "mform_isexpanded_id_general": "1",
        "mform_isexpanded_id_courseformathdr": "0",
        "mform_isexpanded_id_appearancehdr": "0",
        "mform_isexpanded_id_filehdr": "0",
        "mform_isexpanded_id_completionhdr": "0",
        "mform_isexpanded_id_groups": "0",
        "mform_isexpanded_id_tagshdr": "0",
        "fullname": "Pembelajaran Mesin",
        "shortname": "PM",
        "category": "1",
        "visible": "1",
        "startdate": {
            "day": "11",
            "month": "3",
            "year": "2025",
            "hour": "0",
            "minute": "0"
        },
        "enddate": {
            "enabled": "1",
            "day": "11",
            "month": "3",
            "year": "2026",
            "hour": "0",
            "minute": "0"
        },
        "idnumber": "",
        "summary_editor": {
            "text": "",
            "format": "1",
            "itemid": "55387917"
        },
        "overviewfiles_filemanager": "178524149",
        "format": "topics",
        "numsections": "4",
        "hiddensections": "1",
        "coursedisplay": "0",
        "lang": "",
        "newsitems": "5",
        "showgrades": "1",
        "showreports": "0",
        "showactivitydates": "1",
        "maxbytes": "0",
        "enablecompletion": "1",
        "showcompletionconditions": "1",
        "groupmode": "0",
        "groupmodeforce": "0",
        "defaultgroupingid": "0",
        "tags": "_qf__force_multiselect_submission",
        "submitted_at": "2025-03-10T01:46:36.875Z"
    }
}
2025-03-10 08:46:37,154 - INFO - Processing payload from IP ::1: {
    "method": "POST",
    "url": "http:\/\/localhost\/moodle\/course\/edit.php",
    "body": {
        "returnto": "0",
        "returnurl": "http:\/\/localhost\/moodle\/course\/",
        "mform_isexpanded_id_descriptionhdr": "1",
        "addcourseformatoptionshere": "",
        "id": "",
        "sesskey": "pHoiscYPmD",
        "_qf__course_edit_form": "1",
        "mform_isexpanded_id_general": "1",
        "mform_isexpanded_id_courseformathdr": "0",
        "mform_isexpanded_id_appearancehdr": "0",
        "mform_isexpanded_id_filehdr": "0",
        "mform_isexpanded_id_completionhdr": "0",
        "mform_isexpanded_id_groups": "0",
        "mform_isexpanded_id_tagshdr": "0",
        "fullname": "Pembelajaran Mesin",
        "shortname": "PM",
        "category": "1",
        "visible": "1",
        "startdate": {
            "day": "11",
            "month": "3",
            "year": "2025",
            "hour": "0",
            "minute": "0"
        },
        "enddate": {
            "enabled": "1",
            "day": "11",
            "month": "3",
            "year": "2026",
            "hour": "0",
            "minute": "0"
        },
        "idnumber": "",
        "summary_editor": {
            "text": "",
            "format": "1",
            "itemid": "55387917"
        },
        "overviewfiles_filemanager": "178524149",
        "format": "topics",
        "numsections": "4",
        "hiddensections": "1",
        "coursedisplay": "0",
        "lang": "",
        "newsitems": "5",
        "showgrades": "1",
        "showreports": "0",
        "showactivitydates": "1",
        "maxbytes": "0",
        "enablecompletion": "1",
        "showcompletionconditions": "1",
        "groupmode": "0",
        "groupmodeforce": "0",
        "defaultgroupingid": "0",
        "tags": "_qf__force_multiselect_submission",
        "submitted_at": "2025-03-10T01:46:36.875Z"
    }
}
2025-03-10 08:46:37,155 - INFO - [2025-03-10T08:46:37.155243] IP: ::1 | User-Agent: Tidak Diketahui | Input: {
    "method": "POST",
    "url": "http:\/\/localhost\/moodle\/course\/edit.php",
    "body": {
        "returnto": "0",
        "returnurl": "http:\/\/localhost\/moodle\/course\/",
        "mform_isexpanded_id_descriptionhdr": "1",
        "addcourseformatoptionshere": "",
        "id": "",
        "sesskey": "pHoiscYPmD",
        "_qf__course_edit_form": "1",
        "mform_isexpanded_id_general": "1",
        "mform_isexpanded_id_courseformathdr": "0",
        "mform_isexpanded_id_appearancehdr": "0",
        "mform_isexpanded_id_filehdr": "0",
        "mform_isexpanded_id_completionhdr": "0",
        "mform_isexpanded_id_groups": "0",
        "mform_isexpanded_id_tagshdr": "0",
        "fullname": "Pembelajaran Mesin",
        "shortname": "PM",
        "category": "1",
        "visible": "1",
        "startdate": {
            "day": "11",
            "month": "3",
            "year": "2025",
            "hour": "0",
            "minute": "0"
        },
        "enddate": {
            "enabled": "1",
            "day": "11",
            "month": "3",
            "year": "2026",
            "hour": "0",
            "minute": "0"
        },
        "idnumber": "",
        "summary_editor": {
            "text": "",
            "format": "1",
            "itemid": "55387917"
        },
        "overviewfiles_filemanager": "178524149",
        "format": "topics",
        "numsections": "4",
        "hiddensections": "1",
        "coursedisplay": "0",
        "lang": "",
        "newsitems": "5",
        "showgrades": "1",
        "showreports": "0",
        "showactivitydates": "1",
        "maxbytes": "0",
        "enablecompletion": "1",
        "showcompletionconditions": "1",
        "groupmode": "0",
        "groupmodeforce": "0",
        "defaultgroupingid": "0",
        "tags": "_qf__force_multiselect_submission",
        "submitted_at": "2025-03-10T01:46:36.875Z"
    }
}
2025-03-10 08:46:37,156 - INFO - [2025-03-10T08:46:37.156246] IP: ::1 | User-Agent: Tidak Diketahui | Input: {
    "method": "POST",
    "url": "http:\/\/localhost\/moodle\/course\/edit.php",
    "body": {
        "returnto": "0",
        "returnurl": "http:\/\/localhost\/moodle\/course\/",
        "mform_isexpanded_id_descriptionhdr": "1",
        "addcourseformatoptionshere": "",
        "id": "",
        "sesskey": "pHoiscYPmD",
        "_qf__course_edit_form": "1",
        "mform_isexpanded_id_general": "1",
        "mform_isexpanded_id_courseformathdr": "0",
        "mform_isexpanded_id_appearancehdr": "0",
        "mform_isexpanded_id_filehdr": "0",
        "mform_isexpanded_id_completionhdr": "0",
        "mform_isexpanded_id_groups": "0",
        "mform_isexpanded_id_tagshdr": "0",
        "fullname": "Pembelajaran Mesin",
        "shortname": "PM",
        "category": "1",
        "visible": "1",
        "startdate": {
            "day": "11",
            "month": "3",
            "year": "2025",
            "hour": "0",
            "minute": "0"
        },
        "enddate": {
            "enabled": "1",
            "day": "11",
            "month": "3",
            "year": "2026",
            "hour": "0",
            "minute": "0"
        },
        "idnumber": "",
        "summary_editor": {
            "text": "",
            "format": "1",
            "itemid": "55387917"
        },
        "overviewfiles_filemanager": "178524149",
        "format": "topics",
        "numsections": "4",
        "hiddensections": "1",
        "coursedisplay": "0",
        "lang": "",
        "newsitems": "5",
        "showgrades": "1",
        "showreports": "0",
        "showactivitydates": "1",
        "maxbytes": "0",
        "enablecompletion": "1",
        "showcompletionconditions": "1",
        "groupmode": "0",
        "groupmodeforce": "0",
        "defaultgroupingid": "0",
        "tags": "_qf__force_multiselect_submission",
        "submitted_at": "2025-03-10T01:46:36.875Z"
    }
}
2025-03-10 08:46:37,155 - INFO - [2025-03-10T08:46:37.155243] IP: ::1 | User-Agent: Tidak Diketahui | Input: {
    "method": "POST",
    "url": "http:\/\/localhost\/moodle\/course\/edit.php",
    "body": {
        "returnto": "0",
        "returnurl": "http:\/\/localhost\/moodle\/course\/",
        "mform_isexpanded_id_descriptionhdr": "1",
        "addcourseformatoptionshere": "",
        "id": "",
        "sesskey": "pHoiscYPmD",
        "_qf__course_edit_form": "1",
        "mform_isexpanded_id_general": "1",
        "mform_isexpanded_id_courseformathdr": "0",
        "mform_isexpanded_id_appearancehdr": "0",
        "mform_isexpanded_id_filehdr": "0",
        "mform_isexpanded_id_completionhdr": "0",
        "mform_isexpanded_id_groups": "0",
        "mform_isexpanded_id_tagshdr": "0",
        "fullname": "Pembelajaran Mesin",
        "shortname": "PM",
        "category": "1",
        "visible": "1",
        "startdate": {
            "day": "11",
            "month": "3",
            "year": "2025",
            "hour": "0",
            "minute": "0"
        },
        "enddate": {
            "enabled": "1",
            "day": "11",
            "month": "3",
            "year": "2026",
            "hour": "0",
            "minute": "0"
        },
        "idnumber": "",
        "summary_editor": {
            "text": "",
            "format": "1",
            "itemid": "55387917"
        },
        "overviewfiles_filemanager": "178524149",
        "format": "topics",
        "numsections": "4",
        "hiddensections": "1",
        "coursedisplay": "0",
        "lang": "",
        "newsitems": "5",
        "showgrades": "1",
        "showreports": "0",
        "showactivitydates": "1",
        "maxbytes": "0",
        "enablecompletion": "1",
        "showcompletionconditions": "1",
        "groupmode": "0",
        "groupmodeforce": "0",
        "defaultgroupingid": "0",
        "tags": "_qf__force_multiselect_submission",
        "submitted_at": "2025-03-10T01:46:36.875Z"
    }
}
2025-03-10 08:46:37,156 - INFO - [2025-03-10T08:46:37.156246] IP: ::1 | User-Agent: Tidak Diketahui | Input: {
    "method": "POST",
    "url": "http:\/\/localhost\/moodle\/course\/edit.php",
    "body": {
        "returnto": "0",
        "returnurl": "http:\/\/localhost\/moodle\/course\/",
        "mform_isexpanded_id_descriptionhdr": "1",
        "addcourseformatoptionshere": "",
        "id": "",
        "sesskey": "pHoiscYPmD",
        "_qf__course_edit_form": "1",
        "mform_isexpanded_id_general": "1",
        "mform_isexpanded_id_courseformathdr": "0",
        "mform_isexpanded_id_appearancehdr": "0",
        "mform_isexpanded_id_filehdr": "0",
        "mform_isexpanded_id_completionhdr": "0",
        "mform_isexpanded_id_groups": "0",
        "mform_isexpanded_id_tagshdr": "0",
        "fullname": "Pembelajaran Mesin",
        "shortname": "PM",
        "category": "1",
        "visible": "1",
        "startdate": {
            "day": "11",
            "month": "3",
            "year": "2025",
            "hour": "0",
            "minute": "0"
        },
        "enddate": {
            "enabled": "1",
            "day": "11",
            "month": "3",
            "year": "2026",
            "hour": "0",
            "minute": "0"
        },
        "idnumber": "",
        "summary_editor": {
            "text": "",
            "format": "1",
            "itemid": "55387917"
        },
        "overviewfiles_filemanager": "178524149",
        "format": "topics",
        "numsections": "4",
        "hiddensections": "1",
        "coursedisplay": "0",
        "lang": "",
        "newsitems": "5",
        "showgrades": "1",
        "showreports": "0",
        "showactivitydates": "1",
        "maxbytes": "0",
        "enablecompletion": "1",
        "showcompletionconditions": "1",
        "groupmode": "0",
        "groupmodeforce": "0",
        "defaultgroupingid": "0",
        "tags": "_qf__force_multiselect_submission",
        "submitted_at": "2025-03-10T01:46:36.875Z"
    }
}
2025-03-10 08:46:37,167 - INFO - [2025-03-10T08:46:37.155243] Prediksi: XSS
2025-03-10 08:46:37,167 - INFO - [2025-03-10T08:46:37.155243] Prediksi: XSS
2025-03-10 08:46:37,168 - INFO - [2025-03-10T08:46:37.156246] Prediksi: XSS
2025-03-10 08:46:37,168 - INFO - [2025-03-10T08:46:37.156246] Prediksi: XSS
2025-03-10 08:46:37,170 - INFO - Prediction result: {'prediction': 'XSS'}
2025-03-10 08:46:37,170 - INFO - Prediction result: {'prediction': 'XSS'}
2025-03-10 08:46:37,171 - INFO - Prediction result: {'prediction': 'XSS'}
2025-03-10 08:46:37,171 - INFO - Prediction result: {'prediction': 'XSS'}
2025-03-10 08:46:44,509 - INFO - Processing payload from IP ::1: {
    "method": "GET",
    "url": "\/moodle\/course\/view.php?id=2",
    "body": "id=2"
}
2025-03-10 08:46:44,509 - INFO - Processing payload from IP ::1: {
    "method": "GET",
    "url": "\/moodle\/course\/view.php?id=2",
    "body": "id=2"
}
2025-03-10 08:46:44,509 - INFO - Processing payload from IP ::1: {
    "method": "GET",
    "url": "\/moodle\/course\/view.php?id=2",
    "body": "id=2"
}
2025-03-10 08:46:44,509 - INFO - Processing payload from IP ::1: {
    "method": "GET",
    "url": "\/moodle\/course\/view.php?id=2",
    "body": "id=2"
}
2025-03-10 08:46:44,512 - INFO - [2025-03-10T08:46:44.512037] IP: ::1 | User-Agent: Tidak Diketahui | Input: {
    "method": "GET",
    "url": "\/moodle\/course\/view.php?id=2",
    "body": "id=2"
}
2025-03-10 08:46:44,512 - INFO - [2025-03-10T08:46:44.512037] IP: ::1 | User-Agent: Tidak Diketahui | Input: {
    "method": "GET",
    "url": "\/moodle\/course\/view.php?id=2",
    "body": "id=2"
}
2025-03-10 08:46:44,512 - INFO - [2025-03-10T08:46:44.512037] IP: ::1 | User-Agent: Tidak Diketahui | Input: {
    "method": "GET",
    "url": "\/moodle\/course\/view.php?id=2",
    "body": "id=2"
}
2025-03-10 08:46:44,512 - INFO - [2025-03-10T08:46:44.512037] IP: ::1 | User-Agent: Tidak Diketahui | Input: {
    "method": "GET",
    "url": "\/moodle\/course\/view.php?id=2",
    "body": "id=2"
}
2025-03-10 08:46:44,528 - INFO - [2025-03-10T08:46:44.512037] Prediksi: XSS
2025-03-10 08:46:44,528 - INFO - [2025-03-10T08:46:44.512037] Prediksi: XSS
2025-03-10 08:46:44,528 - INFO - [2025-03-10T08:46:44.512037] Prediksi: XSS
2025-03-10 08:46:44,528 - INFO - [2025-03-10T08:46:44.512037] Prediksi: XSS
2025-03-10 08:46:44,530 - INFO - Prediction result: {'prediction': 'XSS'}
2025-03-10 08:46:44,530 - INFO - Prediction result: {'prediction': 'XSS'}
2025-03-10 08:46:44,531 - INFO - Prediction result: {'prediction': 'XSS'}
2025-03-10 08:46:44,531 - INFO - Prediction result: {'prediction': 'XSS'}
2025-03-10 08:47:18,977 - INFO - Processing payload from IP ::1: {
    "method": "GET",
    "url": "\/moodle\/my\/courses.php",
    "body": ""
}
2025-03-10 08:47:18,977 - INFO - Processing payload from IP ::1: {
    "method": "GET",
    "url": "\/moodle\/my\/courses.php",
    "body": ""
}
2025-03-10 08:47:18,977 - INFO - Processing payload from IP ::1: {
    "method": "GET",
    "url": "\/moodle\/my\/courses.php",
    "body": ""
}
2025-03-10 08:47:18,977 - INFO - Processing payload from IP ::1: {
    "method": "GET",
    "url": "\/moodle\/my\/courses.php",
    "body": ""
}
2025-03-10 08:47:18,979 - INFO - [2025-03-10T08:47:18.979575] IP: ::1 | User-Agent: Tidak Diketahui | Input: {
    "method": "GET",
    "url": "\/moodle\/my\/courses.php",
    "body": ""
}
2025-03-10 08:47:18,979 - INFO - [2025-03-10T08:47:18.979575] IP: ::1 | User-Agent: Tidak Diketahui | Input: {
    "method": "GET",
    "url": "\/moodle\/my\/courses.php",
    "body": ""
}
2025-03-10 08:47:18,979 - INFO - [2025-03-10T08:47:18.979575] IP: ::1 | User-Agent: Tidak Diketahui | Input: {
    "method": "GET",
    "url": "\/moodle\/my\/courses.php",
    "body": ""
}
2025-03-10 08:47:18,979 - INFO - [2025-03-10T08:47:18.979575] IP: ::1 | User-Agent: Tidak Diketahui | Input: {
    "method": "GET",
    "url": "\/moodle\/my\/courses.php",
    "body": ""
}
2025-03-10 08:47:18,987 - INFO - [2025-03-10T08:47:18.979575] Prediksi: XSS
2025-03-10 08:47:18,987 - INFO - [2025-03-10T08:47:18.979575] Prediksi: XSS
2025-03-10 08:47:18,989 - INFO - [2025-03-10T08:47:18.979575] Prediksi: XSS
2025-03-10 08:47:18,989 - INFO - [2025-03-10T08:47:18.979575] Prediksi: XSS
2025-03-10 08:47:18,990 - INFO - Prediction result: {'prediction': 'XSS'}
2025-03-10 08:47:18,990 - INFO - Prediction result: {'prediction': 'XSS'}
2025-03-10 08:47:18,990 - INFO - Prediction result: {'prediction': 'XSS'}
2025-03-10 09:15:46,467 - INFO - Processing payload from IP ::1: {
    "method": "GET",
    "url": "\/moodle\/my\/",
    "body": ""
}
2025-03-10 09:15:46,467 - INFO - Processing payload from IP ::1: {
    "method": "GET",
    "url": "\/moodle\/my\/",
    "body": ""
}
2025-03-10 09:15:46,471 - INFO - [2025-03-10T09:15:46.471289] IP: ::1 | User-Agent: Tidak Diketahui | Input: {
    "method": "GET",
    "url": "\/moodle\/my\/",
    "body": ""
}
2025-03-10 09:15:46,471 - INFO - [2025-03-10T09:15:46.471289] IP: ::1 | User-Agent: Tidak Diketahui | Input: {
    "method": "GET",
    "url": "\/moodle\/my\/",
    "body": ""
}
2025-03-10 09:15:46,473 - ERROR - [2025-03-10T09:15:46.471289] Kesalahan Server: name 'validate_input' is not defined
2025-03-10 09:15:46,473 - ERROR - [2025-03-10T09:15:46.471289] Kesalahan Server: name 'validate_input' is not defined
2025-03-10 09:15:46,475 - INFO - Prediction result: {'error': 'Kesalahan server internal'}
2025-03-10 09:15:46,475 - INFO - Prediction result: {'error': 'Kesalahan server internal'}
2025-03-10 09:15:52,039 - INFO - Processing payload from IP ::1: {
    "method": "GET",
    "url": "\/moodle\/?redirect=0",
    "body": "redirect=0"
}
2025-03-10 09:15:52,039 - INFO - Processing payload from IP ::1: {
    "method": "GET",
    "url": "\/moodle\/?redirect=0",
    "body": "redirect=0"
}
2025-03-10 09:15:52,042 - INFO - [2025-03-10T09:15:52.042633] IP: ::1 | User-Agent: Tidak Diketahui | Input: {
    "method": "GET",
    "url": "\/moodle\/?redirect=0",
    "body": "redirect=0"
}
2025-03-10 09:15:52,042 - INFO - [2025-03-10T09:15:52.042633] IP: ::1 | User-Agent: Tidak Diketahui | Input: {
    "method": "GET",
    "url": "\/moodle\/?redirect=0",
    "body": "redirect=0"
}
2025-03-10 09:15:52,044 - ERROR - [2025-03-10T09:15:52.042633] Kesalahan Server: name 'validate_input' is not defined
2025-03-10 09:15:52,044 - ERROR - [2025-03-10T09:15:52.042633] Kesalahan Server: name 'validate_input' is not defined
2025-03-10 09:15:52,047 - INFO - Prediction result: {'error': 'Kesalahan server internal'}
2025-03-10 09:15:52,047 - INFO - Prediction result: {'error': 'Kesalahan server internal'}
2025-03-10 09:53:39,585 - INFO - Memproses payload dari IP ::1: {
    "method": "GET",
    "url": "\/moodle\/my\/",
    "body": ""
}
2025-03-10 09:53:39,585 - INFO - Memproses payload dari IP ::1: {
    "method": "GET",
    "url": "\/moodle\/my\/",
    "body": ""
}
2025-03-10 09:53:39,586 - INFO - Memproses payload dari IP ::1: {
    "method": "GET",
    "url": "\/moodle\/my\/",
    "body": ""
}
2025-03-10 09:53:39,586 - INFO - Memproses payload dari IP ::1: {
    "method": "GET",
    "url": "\/moodle\/my\/",
    "body": ""
}
2025-03-10 09:53:39,587 - INFO - [2025-03-10T09:53:39.587259] IP: ::1 | User-Agent: Tidak Diketahui | Input: {
    "method": "GET",
    "url": "\/moodle\/my\/",
    "body": ""
}
2025-03-10 09:53:39,588 - INFO - [2025-03-10T09:53:39.588065] IP: ::1 | User-Agent: Tidak Diketahui | Input: {
    "method": "GET",
    "url": "\/moodle\/my\/",
    "body": ""
}
2025-03-10 09:53:39,587 - INFO - [2025-03-10T09:53:39.587259] IP: ::1 | User-Agent: Tidak Diketahui | Input: {
    "method": "GET",
    "url": "\/moodle\/my\/",
    "body": ""
}
2025-03-10 09:53:39,588 - INFO - [2025-03-10T09:53:39.588065] IP: ::1 | User-Agent: Tidak Diketahui | Input: {
    "method": "GET",
    "url": "\/moodle\/my\/",
    "body": ""
}
2025-03-10 09:53:39,604 - INFO - [2025-03-10T09:53:39.587259] Prediksi: XSS
2025-03-10 09:53:39,604 - INFO - [2025-03-10T09:53:39.587259] Prediksi: XSS
2025-03-10 09:53:39,606 - INFO - Hasil prediksi: {'prediction': 'XSS'}
2025-03-10 09:53:39,606 - INFO - Hasil prediksi: {'prediction': 'XSS'}
2025-03-10 09:53:39,607 - INFO - [2025-03-10T09:53:39.588065] Prediksi: XSS
2025-03-10 09:53:39,607 - INFO - [2025-03-10T09:53:39.588065] Prediksi: XSS
2025-03-10 09:53:39,608 - INFO - Hasil prediksi: {'prediction': 'XSS'}
2025-03-10 09:53:39,608 - INFO - Hasil prediksi: {'prediction': 'XSS'}
2025-03-10 10:13:34,637 - INFO - Processing payload from IP ::1: {
    "method": "GET",
    "url": "\/moodle\/my\/",
    "body": ""
}
2025-03-10 10:13:34,637 - INFO - Processing payload from IP ::1: {
    "method": "GET",
    "url": "\/moodle\/my\/",
    "body": ""
}
2025-03-10 10:13:34,637 - INFO - Processing payload from IP ::1: {
    "method": "GET",
    "url": "\/moodle\/my\/",
    "body": ""
}
2025-03-10 10:13:34,637 - INFO - Processing payload from IP ::1: {
    "method": "GET",
    "url": "\/moodle\/my\/",
    "body": ""
}
2025-03-10 10:13:34,638 - INFO - [2025-03-10T10:13:34.638687] IP: ::1 | User-Agent: Tidak Diketahui | Input: {
    "method": "GET",
    "url": "\/moodle\/my\/",
    "body": ""
}
2025-03-10 10:13:34,638 - INFO - [2025-03-10T10:13:34.638687] IP: ::1 | User-Agent: Tidak Diketahui | Input: {
    "method": "GET",
    "url": "\/moodle\/my\/",
    "body": ""
}
2025-03-10 10:13:34,638 - INFO - [2025-03-10T10:13:34.638687] IP: ::1 | User-Agent: Tidak Diketahui | Input: {
    "method": "GET",
    "url": "\/moodle\/my\/",
    "body": ""
}
2025-03-10 10:13:34,649 - INFO - [2025-03-10T10:13:34.638687] Prediksi: XSS
2025-03-10 10:13:34,649 - INFO - [2025-03-10T10:13:34.638687] Prediksi: XSS
2025-03-10 10:13:34,650 - INFO - [2025-03-10T10:13:34.638687] Prediksi: XSS
2025-03-10 10:13:34,650 - INFO - [2025-03-10T10:13:34.638687] Prediksi: XSS
2025-03-10 10:13:34,651 - INFO - Prediction result: {'prediction': 'XSS'}
2025-03-10 10:13:34,651 - INFO - Prediction result: {'prediction': 'XSS'}
2025-03-10 10:13:34,653 - INFO - Prediction result: {'prediction': 'XSS'}
2025-03-10 10:13:34,653 - INFO - Prediction result: {'prediction': 'XSS'}
2025-03-10 10:17:08,384 - INFO - Processing payload from IP ::1: {
    "method": "GET",
    "url": "\/moodle\/my\/",
    "body": ""
}
2025-03-10 10:17:08,384 - INFO - Processing payload from IP ::1: {
    "method": "GET",
    "url": "\/moodle\/my\/",
    "body": ""
}
2025-03-10 10:17:08,384 - INFO - Processing payload from IP ::1: {
    "method": "GET",
    "url": "\/moodle\/my\/",
    "body": ""
}
2025-03-10 10:17:08,386 - INFO - [2025-03-10T10:17:08.386897] IP: ::1 | User-Agent: Tidak Diketahui | Input: {
    "method": "GET",
    "url": "\/moodle\/my\/",
    "body": ""
}
2025-03-10 10:17:08,386 - INFO - [2025-03-10T10:17:08.386897] IP: ::1 | User-Agent: Tidak Diketahui | Input: {
    "method": "GET",
    "url": "\/moodle\/my\/",
    "body": ""
}
2025-03-10 10:17:08,386 - INFO - [2025-03-10T10:17:08.386897] IP: ::1 | User-Agent: Tidak Diketahui | Input: {
    "method": "GET",
    "url": "\/moodle\/my\/",
    "body": ""
}
2025-03-10 10:17:08,386 - INFO - [2025-03-10T10:17:08.386897] IP: ::1 | User-Agent: Tidak Diketahui | Input: {
    "method": "GET",
    "url": "\/moodle\/my\/",
    "body": ""
}
2025-03-10 10:17:08,396 - INFO - [2025-03-10T10:17:08.386897] Prediksi: XSS
2025-03-10 10:17:08,396 - INFO - [2025-03-10T10:17:08.386897] Prediksi: XSS
2025-03-10 10:17:08,396 - INFO - [2025-03-10T10:17:08.386897] Prediksi: XSS
2025-03-10 10:17:08,398 - INFO - Prediction result: {'prediction': 'XSS'}
2025-03-10 10:17:08,398 - INFO - Prediction result: {'prediction': 'XSS'}
2025-03-10 10:17:08,398 - INFO - Prediction result: {'prediction': 'XSS'}
2025-03-10 10:17:08,398 - INFO - Prediction result: {'prediction': 'XSS'}
2025-03-10 10:22:21,503 - INFO - Processing payload from IP ::1: {
    "method": "GET",
    "url": "\/moodle\/my\/",
    "body": ""
}
2025-03-10 10:22:21,503 - INFO - Processing payload from IP ::1: {
    "method": "GET",
    "url": "\/moodle\/my\/",
    "body": ""
}
2025-03-10 10:22:21,504 - INFO - [2025-03-10T10:22:21.504071] IP: ::1 | User-Agent: Tidak Diketahui | Input: {
    "method": "GET",
    "url": "\/moodle\/my\/",
    "body": ""
}
2025-03-10 10:22:21,504 - INFO - [2025-03-10T10:22:21.504071] IP: ::1 | User-Agent: Tidak Diketahui | Input: {
    "method": "GET",
    "url": "\/moodle\/my\/",
    "body": ""
}
2025-03-10 10:22:21,513 - INFO - [2025-03-10T10:22:21.504071] Prediksi: XSS
2025-03-10 10:22:21,513 - INFO - [2025-03-10T10:22:21.504071] Prediksi: XSS
2025-03-10 10:22:21,514 - INFO - Prediction result: {'prediction': 'XSS'}
2025-03-10 10:22:21,514 - INFO - Prediction result: {'prediction': 'XSS'}
2025-03-10 10:22:31,784 - INFO - Processing payload from IP ::1: {
    "method": "GET",
    "url": "\/moodle\/my\/",
    "body": ""
}
2025-03-10 10:22:31,784 - INFO - Processing payload from IP ::1: {
    "method": "GET",
    "url": "\/moodle\/my\/",
    "body": ""
}
2025-03-10 10:22:31,784 - INFO - Processing payload from IP ::1: {
    "method": "GET",
    "url": "\/moodle\/my\/",
    "body": ""
}
2025-03-10 10:22:31,784 - INFO - Processing payload from IP ::1: {
    "method": "GET",
    "url": "\/moodle\/my\/",
    "body": ""
}
2025-03-10 10:22:31,786 - INFO - [2025-03-10T10:22:31.786553] IP: ::1 | User-Agent: Tidak Diketahui | Input: {
    "method": "GET",
    "url": "\/moodle\/my\/",
    "body": ""
}
2025-03-10 10:22:31,786 - INFO - [2025-03-10T10:22:31.786553] IP: ::1 | User-Agent: Tidak Diketahui | Input: {
    "method": "GET",
    "url": "\/moodle\/my\/",
    "body": ""
}
2025-03-10 10:22:31,786 - INFO - [2025-03-10T10:22:31.786553] IP: ::1 | User-Agent: Tidak Diketahui | Input: {
    "method": "GET",
    "url": "\/moodle\/my\/",
    "body": ""
}
2025-03-10 10:22:31,786 - INFO - [2025-03-10T10:22:31.786553] IP: ::1 | User-Agent: Tidak Diketahui | Input: {
    "method": "GET",
    "url": "\/moodle\/my\/",
    "body": ""
}
2025-03-10 10:22:31,791 - INFO - [2025-03-10T10:22:31.786553] Cache hit: XSS
2025-03-10 10:22:31,791 - INFO - [2025-03-10T10:22:31.786553] Cache hit: XSS
2025-03-10 10:22:31,791 - INFO - [2025-03-10T10:22:31.786553] Cache hit: XSS
2025-03-10 10:22:31,791 - INFO - [2025-03-10T10:22:31.786553] Cache hit: XSS
2025-03-10 10:22:31,792 - INFO - Prediction result: {'prediction': 'XSS'}
2025-03-10 10:22:31,793 - INFO - Prediction result: {'prediction': 'XSS'}
2025-03-10 10:22:31,792 - INFO - Prediction result: {'prediction': 'XSS'}
2025-03-10 10:22:31,793 - INFO - Prediction result: {'prediction': 'XSS'}
2025-03-10 10:23:59,971 - INFO - Processing payload from IP ::1: {
    "method": "GET",
    "url": "\/moodle\/my\/",
    "body": ""
}
2025-03-10 10:23:59,971 - INFO - Processing payload from IP ::1: {
    "method": "GET",
    "url": "\/moodle\/my\/",
    "body": ""
}
2025-03-10 10:23:59,971 - INFO - Processing payload from IP ::1: {
    "method": "GET",
    "url": "\/moodle\/my\/",
    "body": ""
}
2025-03-10 10:23:59,971 - INFO - Processing payload from IP ::1: {
    "method": "GET",
    "url": "\/moodle\/my\/",
    "body": ""
}
2025-03-10 10:23:59,973 - INFO - [2025-03-10T10:23:59.972646] IP: ::1 | User-Agent: Tidak Diketahui | Input: {
    "method": "GET",
    "url": "\/moodle\/my\/",
    "body": ""
}
2025-03-10 10:23:59,973 - INFO - [2025-03-10T10:23:59.973646] IP: ::1 | User-Agent: Tidak Diketahui | Input: {
    "method": "GET",
    "url": "\/moodle\/my\/",
    "body": ""
}
2025-03-10 10:23:59,973 - INFO - [2025-03-10T10:23:59.973646] IP: ::1 | User-Agent: Tidak Diketahui | Input: {
    "method": "GET",
    "url": "\/moodle\/my\/",
    "body": ""
}
2025-03-10 10:23:59,982 - INFO - [2025-03-10T10:23:59.972646] Prediksi: XSS
2025-03-10 10:23:59,982 - INFO - [2025-03-10T10:23:59.972646] Prediksi: XSS
2025-03-10 10:23:59,984 - INFO - [2025-03-10T10:23:59.973646] Prediksi: XSS
2025-03-10 10:23:59,984 - INFO - [2025-03-10T10:23:59.973646] Prediksi: XSS
2025-03-10 10:23:59,985 - INFO - Prediction result: {'prediction': 'XSS'}
2025-03-10 10:23:59,985 - INFO - Prediction result: {'prediction': 'XSS'}
2025-03-10 10:23:59,988 - INFO - Prediction result: {'prediction': 'XSS'}
2025-03-10 10:23:59,988 - INFO - Prediction result: {'prediction': 'XSS'}
2025-03-10 10:37:26,150 - INFO - Processing payload from IP ::1: {
    "method": "GET",
    "url": "\/moodle\/my\/",
    "body": ""
}
2025-03-10 10:37:26,151 - INFO - [2025-03-10T10:37:26.151438] IP: ::1 | User-Agent: Unknown | Input: {
    "method": "GET",
    "url": "\/moodle\/my\/",
    "body": ""
}
2025-03-10 10:37:26,150 - INFO - Processing payload from IP ::1: {
    "method": "GET",
    "url": "\/moodle\/my\/",
    "body": ""
}
2025-03-10 10:37:26,151 - INFO - [2025-03-10T10:37:26.151438] IP: ::1 | User-Agent: Unknown | Input: {
    "method": "GET",
    "url": "\/moodle\/my\/",
    "body": ""
}
2025-03-10 10:37:26,161 - INFO - [2025-03-10T10:37:26.151438] Prediction: XSS
2025-03-10 10:37:26,161 - INFO - [2025-03-10T10:37:26.151438] Prediction: XSS
2025-03-10 10:37:26,162 - INFO - Prediction result: {'prediction': 'XSS'}
2025-03-10 10:37:26,162 - INFO - Prediction result: {'prediction': 'XSS'}
2025-03-10 10:39:28,360 - INFO - Processing payload from IP ::1: {
    "method": "GET",
    "url": "\/moodle\/my\/",
    "body": ""
}
2025-03-10 10:39:28,360 - INFO - Processing payload from IP ::1: {
    "method": "GET",
    "url": "\/moodle\/my\/",
    "body": ""
}
2025-03-10 10:39:28,360 - INFO - [2025-03-10T10:39:28.360830] IP: ::1 | User-Agent: Unknown | Input: {
    "method": "GET",
    "url": "\/moodle\/my\/",
    "body": ""
}
2025-03-10 10:39:28,361 - INFO - [2025-03-10T10:39:28.361863] IP: ::1 | User-Agent: Unknown | Input: {
    "method": "GET",
    "url": "\/moodle\/my\/",
    "body": ""
}
2025-03-10 10:39:28,370 - INFO - [2025-03-10T10:39:28.360830] Prediction: XSS
2025-03-10 10:39:28,370 - INFO - [2025-03-10T10:39:28.361863] Prediction: XSS
2025-03-10 10:39:28,371 - INFO - Prediction result: {'prediction': 'XSS'}
2025-03-10 10:39:28,371 - INFO - Prediction result: {'prediction': 'XSS'}
2025-03-10 10:43:24,293 - INFO - Processing payload from IP ::1: {
    "method": "GET",
    "url": "\/moodle\/my\/",
    "body": ""
}
2025-03-10 10:43:24,295 - INFO - [2025-03-10T10:43:24.295211] IP: ::1 | User-Agent: Unknown | Input: {
    "method": "GET",
    "url": "\/moodle\/my\/",
    "body": ""
}
2025-03-10 10:43:24,314 - INFO - [2025-03-10T10:43:24.295211] Prediction: XSS
2025-03-10 10:43:24,314 - INFO - Prediction result: {'prediction': 'XSS'}
2025-03-10 10:52:28,588 - INFO - Memproses payload dari IP ::1: {
    "method": "GET",
    "url": "\/moodle\/my\/",
    "body": ""
}
2025-03-10 10:52:28,588 - INFO - [2025-03-10T10:52:28.588209] IP: ::1 | User-Agent: Tidak Diketahui | Input: {
    "method": "GET",
    "url": "\/moodle\/my\/",
    "body": ""
}
2025-03-10 10:52:28,595 - INFO - [2025-03-10T10:52:28.588209] Prediksi: XSS
2025-03-10 10:52:28,596 - INFO - Hasil prediksi: {'prediction': 'XSS'}
2025-03-10 11:13:22,749 - INFO - Memproses payload dari IP ::1: {
    "method": "GET",
    "url": "\/moodle\/my\/",
    "body": ""
}
2025-03-10 11:13:22,751 - INFO - [2025-03-10T11:13:22.750537] IP: ::1 | User-Agent: Tidak Diketahui | Input: {
    "method": "GET",
    "url": "\/moodle\/my\/",
    "body": ""
}
2025-03-10 11:13:22,776 - INFO - [2025-03-10T11:13:22.750537] Prediksi: XSS
2025-03-10 11:13:22,777 - INFO - Hasil prediksi: {'prediction': 'XSS'}
