2025-02-26 18:21:29,936 - INFO - [2025-02-26T18:21:29.936458] IP: 127.0.0.1 | User-Agent: PostmanRuntime/7.39.1 | Input: SELECT * FROM users
2025-02-26 18:21:29,946 - INFO - [2025-02-26T18:21:29.936458] Prediction: SQL Injection
2025-02-26 18:24:36,621 - INFO - [2025-02-26T18:24:36.621507] IP: 127.0.0.1 | User-Agent: PostmanRuntime/7.39.1 | Input: <script>alert('Hacked!')</script>
2025-02-26 18:24:36,631 - INFO - [2025-02-26T18:24:36.621507] Prediction: XSS
2025-02-26 22:13:18,469 - INFO - [2025-02-26T22:13:18.469795] IP: 127.0.0.1 | User-Agent: PostmanRuntime/7.39.1 | Input: Halo, selamat datang di website kami!
2025-02-26 22:13:18,482 - INFO - [2025-02-26T22:13:18.469795] Prediksi: Normal
2025-02-26 22:13:34,800 - INFO - [2025-02-26T22:13:34.800682] IP: 127.0.0.1 | User-Agent: PostmanRuntime/7.39.1 | Input: SELECT * FROM users WHERE username='admin' --
2025-02-26 22:13:34,819 - INFO - [2025-02-26T22:13:34.800682] Prediksi: SQL Injection
2025-02-26 22:13:42,719 - INFO - [2025-02-26T22:13:42.719402] IP: 127.0.0.1 | User-Agent: PostmanRuntime/7.39.1 | Input: <script>alert('XSS')</script>
2025-02-26 22:13:42,727 - INFO - [2025-02-26T22:13:42.719402] Prediksi: XSS
2025-02-28 01:52:30,503 - INFO - [2025-02-28T01:52:30.503068] IP: 127.0.0.1 | User-Agent: PostmanRuntime/7.39.1 | Input: SELECT * FROM users
2025-02-28 14:19:28,204 - INFO - [2025-02-28T14:19:28.204755] IP: 127.0.0.1 | User-Agent: PostmanRuntime/7.39.1 | Input: SELECT * FROM users WHERE username='admin' --
2025-02-28 14:19:28,205 - INFO - [2025-02-28T14:19:28.204755] Validasi awal mendeteksi: SQL Injection
2025-02-28 14:19:39,276 - INFO - [2025-02-28T14:19:39.276889] IP: 127.0.0.1 | User-Agent: PostmanRuntime/7.39.1 | Input: <script>alert('XSS')</script>
2025-02-28 14:19:39,278 - INFO - [2025-02-28T14:19:39.276889] Validasi awal mendeteksi: XSS
2025-02-28 14:21:08,474 - INFO - [2025-02-28T14:21:08.474481] IP: 127.0.0.1 | User-Agent: PostmanRuntime/7.39.1 | Input: ' OR '1'='1' --
2025-02-28 14:21:08,491 - INFO - [2025-02-28T14:21:08.474481] Prediksi: SQL Injection
2025-02-28 14:23:02,027 - INFO - [2025-02-28T14:23:02.027696] IP: 127.0.0.1 | User-Agent: PostmanRuntime/7.39.1 | Input: Makan
2025-02-28 14:23:02,044 - INFO - [2025-02-28T14:23:02.027696] Prediksi: Normal
2025-02-28 14:28:46,237 - INFO - [2025-02-28T14:28:46.237514] IP: 127.0.0.1 | User-Agent: PostmanRuntime/7.39.1 | Input: Hello, this is a normal message.
2025-02-28 14:28:46,259 - INFO - [2025-02-28T14:28:46.237514] Prediksi: XSS
2025-02-28 22:23:23,450 - INFO - [2025-02-28T22:23:23.450794] IP: 127.0.0.1 | User-Agent: PostmanRuntime/7.39.1 | Input: Select * from users
2025-02-28 22:23:23,452 - INFO - [2025-02-28T22:23:23.450794] Validasi awal mendeteksi: SQL Injection
2025-03-03 09:11:52,880 - INFO - [2025-03-03T09:11:52.880074] IP: 127.0.0.1 | User-Agent: PostmanRuntime/7.39.1 | Input: SELECT * FROM users
2025-03-03 09:11:52,880 - INFO - [2025-03-03T09:11:52.880074] IP: 127.0.0.1 | User-Agent: PostmanRuntime/7.39.1 | Input: SELECT * FROM users
2025-03-03 09:11:52,885 - INFO - [2025-03-03T09:11:52.880074] Validasi awal mendeteksi: SQL Injection
2025-03-03 09:11:52,885 - INFO - [2025-03-03T09:11:52.880074] Validasi awal mendeteksi: SQL Injection
2025-03-10 08:39:37,287 - INFO - Processing payload from IP ::1: {
    "method": "GET",
    "url": "\/moodle\/admin\/settings.php?section=frontpagesettings",
    "body": "section=frontpagesettings"
}
2025-03-10 08:39:37,287 - INFO - Processing payload from IP ::1: {
    "method": "GET",
    "url": "\/moodle\/admin\/settings.php?section=frontpagesettings",
    "body": "section=frontpagesettings"
}
2025-03-10 08:39:37,287 - INFO - Processing payload from IP ::1: {
    "method": "GET",
    "url": "\/moodle\/admin\/settings.php?section=frontpagesettings",
    "body": "section=frontpagesettings"
}
2025-03-10 08:39:37,287 - INFO - Processing payload from IP ::1: {
    "method": "GET",
    "url": "\/moodle\/admin\/settings.php?section=frontpagesettings",
    "body": "section=frontpagesettings"
}
2025-03-10 08:39:37,289 - INFO - [2025-03-10T08:39:37.289819] IP: ::1 | User-Agent: Tidak Diketahui | Input: {
    "method": "GET",
    "url": "\/moodle\/admin\/settings.php?section=frontpagesettings",
    "body": "section=frontpagesettings"
}
2025-03-10 08:39:37,290 - INFO - [2025-03-10T08:39:37.290818] IP: ::1 | User-Agent: Tidak Diketahui | Input: {
    "method": "GET",
    "url": "\/moodle\/admin\/settings.php?section=frontpagesettings",
    "body": "section=frontpagesettings"
}
2025-03-10 08:39:37,289 - INFO - [2025-03-10T08:39:37.289819] IP: ::1 | User-Agent: Tidak Diketahui | Input: {
    "method": "GET",
    "url": "\/moodle\/admin\/settings.php?section=frontpagesettings",
    "body": "section=frontpagesettings"
}
2025-03-10 08:39:37,290 - INFO - [2025-03-10T08:39:37.290818] IP: ::1 | User-Agent: Tidak Diketahui | Input: {
    "method": "GET",
    "url": "\/moodle\/admin\/settings.php?section=frontpagesettings",
    "body": "section=frontpagesettings"
}
2025-03-10 08:39:37,299 - INFO - [2025-03-10T08:39:37.289819] Prediksi: XSS
2025-03-10 08:39:37,299 - INFO - [2025-03-10T08:39:37.290818] Prediksi: XSS
2025-03-10 08:39:37,299 - INFO - [2025-03-10T08:39:37.289819] Prediksi: XSS
2025-03-10 08:39:37,299 - INFO - [2025-03-10T08:39:37.290818] Prediksi: XSS
2025-03-10 08:39:37,302 - INFO - Prediction result: {'prediction': 'XSS'}
2025-03-10 08:39:37,302 - INFO - Prediction result: {'prediction': 'XSS'}
2025-03-10 08:39:37,302 - INFO - Prediction result: {'prediction': 'XSS'}
2025-03-10 08:39:37,302 - INFO - Prediction result: {'prediction': 'XSS'}
2025-03-10 08:44:18,718 - INFO - Processing payload from IP ::1: {
    "method": "GET",
    "url": "\/moodle\/my\/courses.php",
    "body": ""
}
2025-03-10 08:44:18,718 - INFO - Processing payload from IP ::1: {
    "method": "GET",
    "url": "\/moodle\/my\/courses.php",
    "body": ""
}
2025-03-10 08:44:18,718 - INFO - Processing payload from IP ::1: {
    "method": "GET",
    "url": "\/moodle\/my\/courses.php",
    "body": ""
}
2025-03-10 08:44:18,721 - INFO - [2025-03-10T08:44:18.720699] IP: ::1 | User-Agent: Tidak Diketahui | Input: {
    "method": "GET",
    "url": "\/moodle\/my\/courses.php",
    "body": ""
}
2025-03-10 08:44:18,721 - INFO - [2025-03-10T08:44:18.721698] IP: ::1 | User-Agent: Tidak Diketahui | Input: {
    "method": "GET",
    "url": "\/moodle\/my\/courses.php",
    "body": ""
}
2025-03-10 08:44:18,721 - INFO - [2025-03-10T08:44:18.720699] IP: ::1 | User-Agent: Tidak Diketahui | Input: {
    "method": "GET",
    "url": "\/moodle\/my\/courses.php",
    "body": ""
}
2025-03-10 08:44:18,721 - INFO - [2025-03-10T08:44:18.721698] IP: ::1 | User-Agent: Tidak Diketahui | Input: {
    "method": "GET",
    "url": "\/moodle\/my\/courses.php",
    "body": ""
}
2025-03-10 08:44:18,730 - INFO - [2025-03-10T08:44:18.721698] Prediksi: XSS
2025-03-10 08:44:18,730 - INFO - [2025-03-10T08:44:18.720699] Prediksi: XSS
2025-03-10 08:44:18,730 - INFO - [2025-03-10T08:44:18.720699] Prediksi: XSS
2025-03-10 08:44:18,730 - INFO - [2025-03-10T08:44:18.721698] Prediksi: XSS
2025-03-10 08:44:18,732 - INFO - Prediction result: {'prediction': 'XSS'}
2025-03-10 08:44:18,732 - INFO - Prediction result: {'prediction': 'XSS'}
2025-03-10 08:44:18,732 - INFO - Prediction result: {'prediction': 'XSS'}
2025-03-10 08:44:18,732 - INFO - Prediction result: {'prediction': 'XSS'}
2025-03-10 08:44:22,190 - INFO - Processing payload from IP ::1: {
    "method": "POST",
    "url": "http:\/\/localhost\/moodle\/my\/courses.php",
    "body": {
        "category": "1",
        "sesskey": "pHoiscYPmD",
        "submitted_at": "2025-03-10T01:44:22.001Z"
    }
}
2025-03-10 08:44:22,190 - INFO - Processing payload from IP ::1: {
    "method": "POST",
    "url": "http:\/\/localhost\/moodle\/my\/courses.php",
    "body": {
        "category": "1",
        "sesskey": "pHoiscYPmD",
        "submitted_at": "2025-03-10T01:44:22.001Z"
    }
}
2025-03-10 08:44:22,191 - INFO - Processing payload from IP ::1: {
    "method": "POST",
    "url": "http:\/\/localhost\/moodle\/my\/courses.php",
    "body": {
        "category": "1",
        "sesskey": "pHoiscYPmD",
        "submitted_at": "2025-03-10T01:44:22.001Z"
    }
}
2025-03-10 08:44:22,191 - INFO - Processing payload from IP ::1: {
    "method": "POST",
    "url": "http:\/\/localhost\/moodle\/my\/courses.php",
    "body": {
        "category": "1",
        "sesskey": "pHoiscYPmD",
        "submitted_at": "2025-03-10T01:44:22.001Z"
    }
}
2025-03-10 08:44:22,192 - INFO - [2025-03-10T08:44:22.192950] IP: ::1 | User-Agent: Tidak Diketahui | Input: {
    "method": "POST",
    "url": "http:\/\/localhost\/moodle\/my\/courses.php",
    "body": {
        "category": "1",
        "sesskey": "pHoiscYPmD",
        "submitted_at": "2025-03-10T01:44:22.001Z"
    }
}
2025-03-10 08:44:22,192 - INFO - [2025-03-10T08:44:22.192950] IP: ::1 | User-Agent: Tidak Diketahui | Input: {
    "method": "POST",
    "url": "http:\/\/localhost\/moodle\/my\/courses.php",
    "body": {
        "category": "1",
        "sesskey": "pHoiscYPmD",
        "submitted_at": "2025-03-10T01:44:22.001Z"
    }
}
2025-03-10 08:44:22,193 - INFO - [2025-03-10T08:44:22.193951] IP: ::1 | User-Agent: Tidak Diketahui | Input: {
    "method": "POST",
    "url": "http:\/\/localhost\/moodle\/my\/courses.php",
    "body": {
        "category": "1",
        "sesskey": "pHoiscYPmD",
        "submitted_at": "2025-03-10T01:44:22.001Z"
    }
}
2025-03-10 08:44:22,193 - INFO - [2025-03-10T08:44:22.193951] IP: ::1 | User-Agent: Tidak Diketahui | Input: {
    "method": "POST",
    "url": "http:\/\/localhost\/moodle\/my\/courses.php",
    "body": {
        "category": "1",
        "sesskey": "pHoiscYPmD",
        "submitted_at": "2025-03-10T01:44:22.001Z"
    }
}
2025-03-10 08:44:22,202 - INFO - [2025-03-10T08:44:22.192950] Prediksi: Normal
2025-03-10 08:44:22,202 - INFO - [2025-03-10T08:44:22.192950] Prediksi: Normal
2025-03-10 08:44:22,202 - INFO - [2025-03-10T08:44:22.193951] Prediksi: Normal
2025-03-10 08:44:22,202 - INFO - [2025-03-10T08:44:22.193951] Prediksi: Normal
2025-03-10 08:44:22,204 - INFO - Prediction result: {'prediction': 'Normal'}
2025-03-10 08:44:22,204 - INFO - Prediction result: {'prediction': 'Normal'}
2025-03-10 08:44:22,208 - INFO - Prediction result: {'prediction': 'Normal'}
2025-03-10 08:44:22,208 - INFO - Prediction result: {'prediction': 'Normal'}
2025-03-10 08:44:24,402 - INFO - Processing payload from IP ::1: {
    "method": "POST",
    "url": "\/moodle\/course\/edit.php",
    "body": {
        "category": "1",
        "sesskey": "pHoiscYPmD"
    }
}
2025-03-10 08:44:24,402 - INFO - Processing payload from IP ::1: {
    "method": "POST",
    "url": "\/moodle\/course\/edit.php",
    "body": {
        "category": "1",
        "sesskey": "pHoiscYPmD"
    }
}
2025-03-10 08:44:24,402 - INFO - Processing payload from IP ::1: {
    "method": "POST",
    "url": "\/moodle\/course\/edit.php",
    "body": {
        "category": "1",
        "sesskey": "pHoiscYPmD"
    }
}
2025-03-10 08:44:24,405 - INFO - [2025-03-10T08:44:24.404886] IP: ::1 | User-Agent: Tidak Diketahui | Input: {
    "method": "POST",
    "url": "\/moodle\/course\/edit.php",
    "body": {
        "category": "1",
        "sesskey": "pHoiscYPmD"
    }
}
2025-03-10 08:44:24,405 - INFO - [2025-03-10T08:44:24.404886] IP: ::1 | User-Agent: Tidak Diketahui | Input: {
    "method": "POST",
    "url": "\/moodle\/course\/edit.php",
    "body": {
        "category": "1",
        "sesskey": "pHoiscYPmD"
    }
}
2025-03-10 08:44:24,406 - INFO - [2025-03-10T08:44:24.406866] IP: ::1 | User-Agent: Tidak Diketahui | Input: {
    "method": "POST",
    "url": "\/moodle\/course\/edit.php",
    "body": {
        "category": "1",
        "sesskey": "pHoiscYPmD"
    }
}
2025-03-10 08:44:24,406 - INFO - [2025-03-10T08:44:24.406866] IP: ::1 | User-Agent: Tidak Diketahui | Input: {
    "method": "POST",
    "url": "\/moodle\/course\/edit.php",
    "body": {
        "category": "1",
        "sesskey": "pHoiscYPmD"
    }
}
2025-03-10 08:44:24,414 - INFO - [2025-03-10T08:44:24.404886] Prediksi: XSS
2025-03-10 08:44:24,415 - INFO - [2025-03-10T08:44:24.406866] Prediksi: XSS
2025-03-10 08:44:24,415 - INFO - [2025-03-10T08:44:24.406866] Prediksi: XSS
2025-03-10 08:44:24,414 - INFO - [2025-03-10T08:44:24.404886] Prediksi: XSS
2025-03-10 08:44:24,417 - INFO - Prediction result: {'prediction': 'XSS'}
2025-03-10 08:44:24,417 - INFO - Prediction result: {'prediction': 'XSS'}
2025-03-10 08:44:24,417 - INFO - Prediction result: {'prediction': 'XSS'}
2025-03-10 08:44:24,417 - INFO - Prediction result: {'prediction': 'XSS'}
2025-03-10 08:46:37,153 - INFO - Processing payload from IP ::1: {
    "method": "POST",
    "url": "http:\/\/localhost\/moodle\/course\/edit.php",
    "body": {
        "returnto": "0",
        "returnurl": "http:\/\/localhost\/moodle\/course\/",
        "mform_isexpanded_id_descriptionhdr": "1",
        "addcourseformatoptionshere": "",
        "id": "",
        "sesskey": "pHoiscYPmD",
        "_qf__course_edit_form": "1",
        "mform_isexpanded_id_general": "1",
        "mform_isexpanded_id_courseformathdr": "0",
        "mform_isexpanded_id_appearancehdr": "0",
        "mform_isexpanded_id_filehdr": "0",
        "mform_isexpanded_id_completionhdr": "0",
        "mform_isexpanded_id_groups": "0",
        "mform_isexpanded_id_tagshdr": "0",
        "fullname": "Pembelajaran Mesin",
        "shortname": "PM",
        "category": "1",
        "visible": "1",
        "startdate": {
            "day": "11",
            "month": "3",
            "year": "2025",
            "hour": "0",
            "minute": "0"
        },
        "enddate": {
            "enabled": "1",
            "day": "11",
            "month": "3",
            "year": "2026",
            "hour": "0",
            "minute": "0"
        },
        "idnumber": "",
        "summary_editor": {
            "text": "",
            "format": "1",
            "itemid": "55387917"
        },
        "overviewfiles_filemanager": "178524149",
        "format": "topics",
        "numsections": "4",
        "hiddensections": "1",
        "coursedisplay": "0",
        "lang": "",
        "newsitems": "5",
        "showgrades": "1",
        "showreports": "0",
        "showactivitydates": "1",
        "maxbytes": "0",
        "enablecompletion": "1",
        "showcompletionconditions": "1",
        "groupmode": "0",
        "groupmodeforce": "0",
        "defaultgroupingid": "0",
        "tags": "_qf__force_multiselect_submission",
        "submitted_at": "2025-03-10T01:46:36.875Z"
    }
}
2025-03-10 08:46:37,153 - INFO - Processing payload from IP ::1: {
    "method": "POST",
    "url": "http:\/\/localhost\/moodle\/course\/edit.php",
    "body": {
        "returnto": "0",
        "returnurl": "http:\/\/localhost\/moodle\/course\/",
        "mform_isexpanded_id_descriptionhdr": "1",
        "addcourseformatoptionshere": "",
        "id": "",
        "sesskey": "pHoiscYPmD",
        "_qf__course_edit_form": "1",
        "mform_isexpanded_id_general": "1",
        "mform_isexpanded_id_courseformathdr": "0",
        "mform_isexpanded_id_appearancehdr": "0",
        "mform_isexpanded_id_filehdr": "0",
        "mform_isexpanded_id_completionhdr": "0",
        "mform_isexpanded_id_groups": "0",
        "mform_isexpanded_id_tagshdr": "0",
        "fullname": "Pembelajaran Mesin",
        "shortname": "PM",
        "category": "1",
        "visible": "1",
        "startdate": {
            "day": "11",
            "month": "3",
            "year": "2025",
            "hour": "0",
            "minute": "0"
        },
        "enddate": {
            "enabled": "1",
            "day": "11",
            "month": "3",
            "year": "2026",
            "hour": "0",
            "minute": "0"
        },
        "idnumber": "",
        "summary_editor": {
            "text": "",
            "format": "1",
            "itemid": "55387917"
        },
        "overviewfiles_filemanager": "178524149",
        "format": "topics",
        "numsections": "4",
        "hiddensections": "1",
        "coursedisplay": "0",
        "lang": "",
        "newsitems": "5",
        "showgrades": "1",
        "showreports": "0",
        "showactivitydates": "1",
        "maxbytes": "0",
        "enablecompletion": "1",
        "showcompletionconditions": "1",
        "groupmode": "0",
        "groupmodeforce": "0",
        "defaultgroupingid": "0",
        "tags": "_qf__force_multiselect_submission",
        "submitted_at": "2025-03-10T01:46:36.875Z"
    }
}
2025-03-10 08:46:37,154 - INFO - Processing payload from IP ::1: {
    "method": "POST",
    "url": "http:\/\/localhost\/moodle\/course\/edit.php",
    "body": {
        "returnto": "0",
        "returnurl": "http:\/\/localhost\/moodle\/course\/",
        "mform_isexpanded_id_descriptionhdr": "1",
        "addcourseformatoptionshere": "",
        "id": "",
        "sesskey": "pHoiscYPmD",
        "_qf__course_edit_form": "1",
        "mform_isexpanded_id_general": "1",
        "mform_isexpanded_id_courseformathdr": "0",
        "mform_isexpanded_id_appearancehdr": "0",
        "mform_isexpanded_id_filehdr": "0",
        "mform_isexpanded_id_completionhdr": "0",
        "mform_isexpanded_id_groups": "0",
        "mform_isexpanded_id_tagshdr": "0",
        "fullname": "Pembelajaran Mesin",
        "shortname": "PM",
        "category": "1",
        "visible": "1",
        "startdate": {
            "day": "11",
            "month": "3",
            "year": "2025",
            "hour": "0",
            "minute": "0"
        },
        "enddate": {
            "enabled": "1",
            "day": "11",
            "month": "3",
            "year": "2026",
            "hour": "0",
            "minute": "0"
        },
        "idnumber": "",
        "summary_editor": {
            "text": "",
            "format": "1",
            "itemid": "55387917"
        },
        "overviewfiles_filemanager": "178524149",
        "format": "topics",
        "numsections": "4",
        "hiddensections": "1",
        "coursedisplay": "0",
        "lang": "",
        "newsitems": "5",
        "showgrades": "1",
        "showreports": "0",
        "showactivitydates": "1",
        "maxbytes": "0",
        "enablecompletion": "1",
        "showcompletionconditions": "1",
        "groupmode": "0",
        "groupmodeforce": "0",
        "defaultgroupingid": "0",
        "tags": "_qf__force_multiselect_submission",
        "submitted_at": "2025-03-10T01:46:36.875Z"
    }
}
2025-03-10 08:46:37,155 - INFO - [2025-03-10T08:46:37.155243] IP: ::1 | User-Agent: Tidak Diketahui | Input: {
    "method": "POST",
    "url": "http:\/\/localhost\/moodle\/course\/edit.php",
    "body": {
        "returnto": "0",
        "returnurl": "http:\/\/localhost\/moodle\/course\/",
        "mform_isexpanded_id_descriptionhdr": "1",
        "addcourseformatoptionshere": "",
        "id": "",
        "sesskey": "pHoiscYPmD",
        "_qf__course_edit_form": "1",
        "mform_isexpanded_id_general": "1",
        "mform_isexpanded_id_courseformathdr": "0",
        "mform_isexpanded_id_appearancehdr": "0",
        "mform_isexpanded_id_filehdr": "0",
        "mform_isexpanded_id_completionhdr": "0",
        "mform_isexpanded_id_groups": "0",
        "mform_isexpanded_id_tagshdr": "0",
        "fullname": "Pembelajaran Mesin",
        "shortname": "PM",
        "category": "1",
        "visible": "1",
        "startdate": {
            "day": "11",
            "month": "3",
            "year": "2025",
            "hour": "0",
            "minute": "0"
        },
        "enddate": {
            "enabled": "1",
            "day": "11",
            "month": "3",
            "year": "2026",
            "hour": "0",
            "minute": "0"
        },
        "idnumber": "",
        "summary_editor": {
            "text": "",
            "format": "1",
            "itemid": "55387917"
        },
        "overviewfiles_filemanager": "178524149",
        "format": "topics",
        "numsections": "4",
        "hiddensections": "1",
        "coursedisplay": "0",
        "lang": "",
        "newsitems": "5",
        "showgrades": "1",
        "showreports": "0",
        "showactivitydates": "1",
        "maxbytes": "0",
        "enablecompletion": "1",
        "showcompletionconditions": "1",
        "groupmode": "0",
        "groupmodeforce": "0",
        "defaultgroupingid": "0",
        "tags": "_qf__force_multiselect_submission",
        "submitted_at": "2025-03-10T01:46:36.875Z"
    }
}
2025-03-10 08:46:37,156 - INFO - [2025-03-10T08:46:37.156246] IP: ::1 | User-Agent: Tidak Diketahui | Input: {
    "method": "POST",
    "url": "http:\/\/localhost\/moodle\/course\/edit.php",
    "body": {
        "returnto": "0",
        "returnurl": "http:\/\/localhost\/moodle\/course\/",
        "mform_isexpanded_id_descriptionhdr": "1",
        "addcourseformatoptionshere": "",
        "id": "",
        "sesskey": "pHoiscYPmD",
        "_qf__course_edit_form": "1",
        "mform_isexpanded_id_general": "1",
        "mform_isexpanded_id_courseformathdr": "0",
        "mform_isexpanded_id_appearancehdr": "0",
        "mform_isexpanded_id_filehdr": "0",
        "mform_isexpanded_id_completionhdr": "0",
        "mform_isexpanded_id_groups": "0",
        "mform_isexpanded_id_tagshdr": "0",
        "fullname": "Pembelajaran Mesin",
        "shortname": "PM",
        "category": "1",
        "visible": "1",
        "startdate": {
            "day": "11",
            "month": "3",
            "year": "2025",
            "hour": "0",
            "minute": "0"
        },
        "enddate": {
            "enabled": "1",
            "day": "11",
            "month": "3",
            "year": "2026",
            "hour": "0",
            "minute": "0"
        },
        "idnumber": "",
        "summary_editor": {
            "text": "",
            "format": "1",
            "itemid": "55387917"
        },
        "overviewfiles_filemanager": "178524149",
        "format": "topics",
        "numsections": "4",
        "hiddensections": "1",
        "coursedisplay": "0",
        "lang": "",
        "newsitems": "5",
        "showgrades": "1",
        "showreports": "0",
        "showactivitydates": "1",
        "maxbytes": "0",
        "enablecompletion": "1",
        "showcompletionconditions": "1",
        "groupmode": "0",
        "groupmodeforce": "0",
        "defaultgroupingid": "0",
        "tags": "_qf__force_multiselect_submission",
        "submitted_at": "2025-03-10T01:46:36.875Z"
    }
}
2025-03-10 08:46:37,155 - INFO - [2025-03-10T08:46:37.155243] IP: ::1 | User-Agent: Tidak Diketahui | Input: {
    "method": "POST",
    "url": "http:\/\/localhost\/moodle\/course\/edit.php",
    "body": {
        "returnto": "0",
        "returnurl": "http:\/\/localhost\/moodle\/course\/",
        "mform_isexpanded_id_descriptionhdr": "1",
        "addcourseformatoptionshere": "",
        "id": "",
        "sesskey": "pHoiscYPmD",
        "_qf__course_edit_form": "1",
        "mform_isexpanded_id_general": "1",
        "mform_isexpanded_id_courseformathdr": "0",
        "mform_isexpanded_id_appearancehdr": "0",
        "mform_isexpanded_id_filehdr": "0",
        "mform_isexpanded_id_completionhdr": "0",
        "mform_isexpanded_id_groups": "0",
        "mform_isexpanded_id_tagshdr": "0",
        "fullname": "Pembelajaran Mesin",
        "shortname": "PM",
        "category": "1",
        "visible": "1",
        "startdate": {
            "day": "11",
            "month": "3",
            "year": "2025",
            "hour": "0",
            "minute": "0"
        },
        "enddate": {
            "enabled": "1",
            "day": "11",
            "month": "3",
            "year": "2026",
            "hour": "0",
            "minute": "0"
        },
        "idnumber": "",
        "summary_editor": {
            "text": "",
            "format": "1",
            "itemid": "55387917"
        },
        "overviewfiles_filemanager": "178524149",
        "format": "topics",
        "numsections": "4",
        "hiddensections": "1",
        "coursedisplay": "0",
        "lang": "",
        "newsitems": "5",
        "showgrades": "1",
        "showreports": "0",
        "showactivitydates": "1",
        "maxbytes": "0",
        "enablecompletion": "1",
        "showcompletionconditions": "1",
        "groupmode": "0",
        "groupmodeforce": "0",
        "defaultgroupingid": "0",
        "tags": "_qf__force_multiselect_submission",
        "submitted_at": "2025-03-10T01:46:36.875Z"
    }
}
2025-03-10 08:46:37,156 - INFO - [2025-03-10T08:46:37.156246] IP: ::1 | User-Agent: Tidak Diketahui | Input: {
    "method": "POST",
    "url": "http:\/\/localhost\/moodle\/course\/edit.php",
    "body": {
        "returnto": "0",
        "returnurl": "http:\/\/localhost\/moodle\/course\/",
        "mform_isexpanded_id_descriptionhdr": "1",
        "addcourseformatoptionshere": "",
        "id": "",
        "sesskey": "pHoiscYPmD",
        "_qf__course_edit_form": "1",
        "mform_isexpanded_id_general": "1",
        "mform_isexpanded_id_courseformathdr": "0",
        "mform_isexpanded_id_appearancehdr": "0",
        "mform_isexpanded_id_filehdr": "0",
        "mform_isexpanded_id_completionhdr": "0",
        "mform_isexpanded_id_groups": "0",
        "mform_isexpanded_id_tagshdr": "0",
        "fullname": "Pembelajaran Mesin",
        "shortname": "PM",
        "category": "1",
        "visible": "1",
        "startdate": {
            "day": "11",
            "month": "3",
            "year": "2025",
            "hour": "0",
            "minute": "0"
        },
        "enddate": {
            "enabled": "1",
            "day": "11",
            "month": "3",
            "year": "2026",
            "hour": "0",
            "minute": "0"
        },
        "idnumber": "",
        "summary_editor": {
            "text": "",
            "format": "1",
            "itemid": "55387917"
        },
        "overviewfiles_filemanager": "178524149",
        "format": "topics",
        "numsections": "4",
        "hiddensections": "1",
        "coursedisplay": "0",
        "lang": "",
        "newsitems": "5",
        "showgrades": "1",
        "showreports": "0",
        "showactivitydates": "1",
        "maxbytes": "0",
        "enablecompletion": "1",
        "showcompletionconditions": "1",
        "groupmode": "0",
        "groupmodeforce": "0",
        "defaultgroupingid": "0",
        "tags": "_qf__force_multiselect_submission",
        "submitted_at": "2025-03-10T01:46:36.875Z"
    }
}
2025-03-10 08:46:37,167 - INFO - [2025-03-10T08:46:37.155243] Prediksi: XSS
2025-03-10 08:46:37,167 - INFO - [2025-03-10T08:46:37.155243] Prediksi: XSS
2025-03-10 08:46:37,168 - INFO - [2025-03-10T08:46:37.156246] Prediksi: XSS
2025-03-10 08:46:37,168 - INFO - [2025-03-10T08:46:37.156246] Prediksi: XSS
2025-03-10 08:46:37,170 - INFO - Prediction result: {'prediction': 'XSS'}
2025-03-10 08:46:37,170 - INFO - Prediction result: {'prediction': 'XSS'}
2025-03-10 08:46:37,171 - INFO - Prediction result: {'prediction': 'XSS'}
2025-03-10 08:46:37,171 - INFO - Prediction result: {'prediction': 'XSS'}
2025-03-10 08:46:44,509 - INFO - Processing payload from IP ::1: {
    "method": "GET",
    "url": "\/moodle\/course\/view.php?id=2",
    "body": "id=2"
}
2025-03-10 08:46:44,509 - INFO - Processing payload from IP ::1: {
    "method": "GET",
    "url": "\/moodle\/course\/view.php?id=2",
    "body": "id=2"
}
2025-03-10 08:46:44,509 - INFO - Processing payload from IP ::1: {
    "method": "GET",
    "url": "\/moodle\/course\/view.php?id=2",
    "body": "id=2"
}
2025-03-10 08:46:44,509 - INFO - Processing payload from IP ::1: {
    "method": "GET",
    "url": "\/moodle\/course\/view.php?id=2",
    "body": "id=2"
}
2025-03-10 08:46:44,512 - INFO - [2025-03-10T08:46:44.512037] IP: ::1 | User-Agent: Tidak Diketahui | Input: {
    "method": "GET",
    "url": "\/moodle\/course\/view.php?id=2",
    "body": "id=2"
}
2025-03-10 08:46:44,512 - INFO - [2025-03-10T08:46:44.512037] IP: ::1 | User-Agent: Tidak Diketahui | Input: {
    "method": "GET",
    "url": "\/moodle\/course\/view.php?id=2",
    "body": "id=2"
}
2025-03-10 08:46:44,512 - INFO - [2025-03-10T08:46:44.512037] IP: ::1 | User-Agent: Tidak Diketahui | Input: {
    "method": "GET",
    "url": "\/moodle\/course\/view.php?id=2",
    "body": "id=2"
}
2025-03-10 08:46:44,512 - INFO - [2025-03-10T08:46:44.512037] IP: ::1 | User-Agent: Tidak Diketahui | Input: {
    "method": "GET",
    "url": "\/moodle\/course\/view.php?id=2",
    "body": "id=2"
}
2025-03-10 08:46:44,528 - INFO - [2025-03-10T08:46:44.512037] Prediksi: XSS
2025-03-10 08:46:44,528 - INFO - [2025-03-10T08:46:44.512037] Prediksi: XSS
2025-03-10 08:46:44,528 - INFO - [2025-03-10T08:46:44.512037] Prediksi: XSS
2025-03-10 08:46:44,528 - INFO - [2025-03-10T08:46:44.512037] Prediksi: XSS
2025-03-10 08:46:44,530 - INFO - Prediction result: {'prediction': 'XSS'}
2025-03-10 08:46:44,530 - INFO - Prediction result: {'prediction': 'XSS'}
2025-03-10 08:46:44,531 - INFO - Prediction result: {'prediction': 'XSS'}
2025-03-10 08:46:44,531 - INFO - Prediction result: {'prediction': 'XSS'}
2025-03-10 08:47:18,977 - INFO - Processing payload from IP ::1: {
    "method": "GET",
    "url": "\/moodle\/my\/courses.php",
    "body": ""
}
2025-03-10 08:47:18,977 - INFO - Processing payload from IP ::1: {
    "method": "GET",
    "url": "\/moodle\/my\/courses.php",
    "body": ""
}
2025-03-10 08:47:18,977 - INFO - Processing payload from IP ::1: {
    "method": "GET",
    "url": "\/moodle\/my\/courses.php",
    "body": ""
}
2025-03-10 08:47:18,977 - INFO - Processing payload from IP ::1: {
    "method": "GET",
    "url": "\/moodle\/my\/courses.php",
    "body": ""
}
2025-03-10 08:47:18,979 - INFO - [2025-03-10T08:47:18.979575] IP: ::1 | User-Agent: Tidak Diketahui | Input: {
    "method": "GET",
    "url": "\/moodle\/my\/courses.php",
    "body": ""
}
2025-03-10 08:47:18,979 - INFO - [2025-03-10T08:47:18.979575] IP: ::1 | User-Agent: Tidak Diketahui | Input: {
    "method": "GET",
    "url": "\/moodle\/my\/courses.php",
    "body": ""
}
2025-03-10 08:47:18,979 - INFO - [2025-03-10T08:47:18.979575] IP: ::1 | User-Agent: Tidak Diketahui | Input: {
    "method": "GET",
    "url": "\/moodle\/my\/courses.php",
    "body": ""
}
2025-03-10 08:47:18,979 - INFO - [2025-03-10T08:47:18.979575] IP: ::1 | User-Agent: Tidak Diketahui | Input: {
    "method": "GET",
    "url": "\/moodle\/my\/courses.php",
    "body": ""
}
2025-03-10 08:47:18,987 - INFO - [2025-03-10T08:47:18.979575] Prediksi: XSS
2025-03-10 08:47:18,987 - INFO - [2025-03-10T08:47:18.979575] Prediksi: XSS
2025-03-10 08:47:18,989 - INFO - [2025-03-10T08:47:18.979575] Prediksi: XSS
2025-03-10 08:47:18,989 - INFO - [2025-03-10T08:47:18.979575] Prediksi: XSS
2025-03-10 08:47:18,990 - INFO - Prediction result: {'prediction': 'XSS'}
2025-03-10 08:47:18,990 - INFO - Prediction result: {'prediction': 'XSS'}
2025-03-10 08:47:18,990 - INFO - Prediction result: {'prediction': 'XSS'}
2025-03-10 09:15:46,467 - INFO - Processing payload from IP ::1: {
    "method": "GET",
    "url": "\/moodle\/my\/",
    "body": ""
}
2025-03-10 09:15:46,467 - INFO - Processing payload from IP ::1: {
    "method": "GET",
    "url": "\/moodle\/my\/",
    "body": ""
}
2025-03-10 09:15:46,471 - INFO - [2025-03-10T09:15:46.471289] IP: ::1 | User-Agent: Tidak Diketahui | Input: {
    "method": "GET",
    "url": "\/moodle\/my\/",
    "body": ""
}
2025-03-10 09:15:46,471 - INFO - [2025-03-10T09:15:46.471289] IP: ::1 | User-Agent: Tidak Diketahui | Input: {
    "method": "GET",
    "url": "\/moodle\/my\/",
    "body": ""
}
2025-03-10 09:15:46,473 - ERROR - [2025-03-10T09:15:46.471289] Kesalahan Server: name 'validate_input' is not defined
2025-03-10 09:15:46,473 - ERROR - [2025-03-10T09:15:46.471289] Kesalahan Server: name 'validate_input' is not defined
2025-03-10 09:15:46,475 - INFO - Prediction result: {'error': 'Kesalahan server internal'}
2025-03-10 09:15:46,475 - INFO - Prediction result: {'error': 'Kesalahan server internal'}
2025-03-10 09:15:52,039 - INFO - Processing payload from IP ::1: {
    "method": "GET",
    "url": "\/moodle\/?redirect=0",
    "body": "redirect=0"
}
2025-03-10 09:15:52,039 - INFO - Processing payload from IP ::1: {
    "method": "GET",
    "url": "\/moodle\/?redirect=0",
    "body": "redirect=0"
}
2025-03-10 09:15:52,042 - INFO - [2025-03-10T09:15:52.042633] IP: ::1 | User-Agent: Tidak Diketahui | Input: {
    "method": "GET",
    "url": "\/moodle\/?redirect=0",
    "body": "redirect=0"
}
2025-03-10 09:15:52,042 - INFO - [2025-03-10T09:15:52.042633] IP: ::1 | User-Agent: Tidak Diketahui | Input: {
    "method": "GET",
    "url": "\/moodle\/?redirect=0",
    "body": "redirect=0"
}
2025-03-10 09:15:52,044 - ERROR - [2025-03-10T09:15:52.042633] Kesalahan Server: name 'validate_input' is not defined
2025-03-10 09:15:52,044 - ERROR - [2025-03-10T09:15:52.042633] Kesalahan Server: name 'validate_input' is not defined
2025-03-10 09:15:52,047 - INFO - Prediction result: {'error': 'Kesalahan server internal'}
2025-03-10 09:15:52,047 - INFO - Prediction result: {'error': 'Kesalahan server internal'}
2025-03-10 09:53:39,585 - INFO - Memproses payload dari IP ::1: {
    "method": "GET",
    "url": "\/moodle\/my\/",
    "body": ""
}
2025-03-10 09:53:39,585 - INFO - Memproses payload dari IP ::1: {
    "method": "GET",
    "url": "\/moodle\/my\/",
    "body": ""
}
2025-03-10 09:53:39,586 - INFO - Memproses payload dari IP ::1: {
    "method": "GET",
    "url": "\/moodle\/my\/",
    "body": ""
}
2025-03-10 09:53:39,586 - INFO - Memproses payload dari IP ::1: {
    "method": "GET",
    "url": "\/moodle\/my\/",
    "body": ""
}
2025-03-10 09:53:39,587 - INFO - [2025-03-10T09:53:39.587259] IP: ::1 | User-Agent: Tidak Diketahui | Input: {
    "method": "GET",
    "url": "\/moodle\/my\/",
    "body": ""
}
2025-03-10 09:53:39,588 - INFO - [2025-03-10T09:53:39.588065] IP: ::1 | User-Agent: Tidak Diketahui | Input: {
    "method": "GET",
    "url": "\/moodle\/my\/",
    "body": ""
}
2025-03-10 09:53:39,587 - INFO - [2025-03-10T09:53:39.587259] IP: ::1 | User-Agent: Tidak Diketahui | Input: {
    "method": "GET",
    "url": "\/moodle\/my\/",
    "body": ""
}
2025-03-10 09:53:39,588 - INFO - [2025-03-10T09:53:39.588065] IP: ::1 | User-Agent: Tidak Diketahui | Input: {
    "method": "GET",
    "url": "\/moodle\/my\/",
    "body": ""
}
2025-03-10 09:53:39,604 - INFO - [2025-03-10T09:53:39.587259] Prediksi: XSS
2025-03-10 09:53:39,604 - INFO - [2025-03-10T09:53:39.587259] Prediksi: XSS
2025-03-10 09:53:39,606 - INFO - Hasil prediksi: {'prediction': 'XSS'}
2025-03-10 09:53:39,606 - INFO - Hasil prediksi: {'prediction': 'XSS'}
2025-03-10 09:53:39,607 - INFO - [2025-03-10T09:53:39.588065] Prediksi: XSS
2025-03-10 09:53:39,607 - INFO - [2025-03-10T09:53:39.588065] Prediksi: XSS
2025-03-10 09:53:39,608 - INFO - Hasil prediksi: {'prediction': 'XSS'}
2025-03-10 09:53:39,608 - INFO - Hasil prediksi: {'prediction': 'XSS'}
2025-03-10 10:13:34,637 - INFO - Processing payload from IP ::1: {
    "method": "GET",
    "url": "\/moodle\/my\/",
    "body": ""
}
2025-03-10 10:13:34,637 - INFO - Processing payload from IP ::1: {
    "method": "GET",
    "url": "\/moodle\/my\/",
    "body": ""
}
2025-03-10 10:13:34,637 - INFO - Processing payload from IP ::1: {
    "method": "GET",
    "url": "\/moodle\/my\/",
    "body": ""
}
2025-03-10 10:13:34,637 - INFO - Processing payload from IP ::1: {
    "method": "GET",
    "url": "\/moodle\/my\/",
    "body": ""
}
2025-03-10 10:13:34,638 - INFO - [2025-03-10T10:13:34.638687] IP: ::1 | User-Agent: Tidak Diketahui | Input: {
    "method": "GET",
    "url": "\/moodle\/my\/",
    "body": ""
}
2025-03-10 10:13:34,638 - INFO - [2025-03-10T10:13:34.638687] IP: ::1 | User-Agent: Tidak Diketahui | Input: {
    "method": "GET",
    "url": "\/moodle\/my\/",
    "body": ""
}
2025-03-10 10:13:34,638 - INFO - [2025-03-10T10:13:34.638687] IP: ::1 | User-Agent: Tidak Diketahui | Input: {
    "method": "GET",
    "url": "\/moodle\/my\/",
    "body": ""
}
2025-03-10 10:13:34,649 - INFO - [2025-03-10T10:13:34.638687] Prediksi: XSS
2025-03-10 10:13:34,649 - INFO - [2025-03-10T10:13:34.638687] Prediksi: XSS
2025-03-10 10:13:34,650 - INFO - [2025-03-10T10:13:34.638687] Prediksi: XSS
2025-03-10 10:13:34,650 - INFO - [2025-03-10T10:13:34.638687] Prediksi: XSS
2025-03-10 10:13:34,651 - INFO - Prediction result: {'prediction': 'XSS'}
2025-03-10 10:13:34,651 - INFO - Prediction result: {'prediction': 'XSS'}
2025-03-10 10:13:34,653 - INFO - Prediction result: {'prediction': 'XSS'}
2025-03-10 10:13:34,653 - INFO - Prediction result: {'prediction': 'XSS'}
2025-03-10 10:17:08,384 - INFO - Processing payload from IP ::1: {
    "method": "GET",
    "url": "\/moodle\/my\/",
    "body": ""
}
2025-03-10 10:17:08,384 - INFO - Processing payload from IP ::1: {
    "method": "GET",
    "url": "\/moodle\/my\/",
    "body": ""
}
2025-03-10 10:17:08,384 - INFO - Processing payload from IP ::1: {
    "method": "GET",
    "url": "\/moodle\/my\/",
    "body": ""
}
2025-03-10 10:17:08,386 - INFO - [2025-03-10T10:17:08.386897] IP: ::1 | User-Agent: Tidak Diketahui | Input: {
    "method": "GET",
    "url": "\/moodle\/my\/",
    "body": ""
}
2025-03-10 10:17:08,386 - INFO - [2025-03-10T10:17:08.386897] IP: ::1 | User-Agent: Tidak Diketahui | Input: {
    "method": "GET",
    "url": "\/moodle\/my\/",
    "body": ""
}
2025-03-10 10:17:08,386 - INFO - [2025-03-10T10:17:08.386897] IP: ::1 | User-Agent: Tidak Diketahui | Input: {
    "method": "GET",
    "url": "\/moodle\/my\/",
    "body": ""
}
2025-03-10 10:17:08,386 - INFO - [2025-03-10T10:17:08.386897] IP: ::1 | User-Agent: Tidak Diketahui | Input: {
    "method": "GET",
    "url": "\/moodle\/my\/",
    "body": ""
}
2025-03-10 10:17:08,396 - INFO - [2025-03-10T10:17:08.386897] Prediksi: XSS
2025-03-10 10:17:08,396 - INFO - [2025-03-10T10:17:08.386897] Prediksi: XSS
2025-03-10 10:17:08,396 - INFO - [2025-03-10T10:17:08.386897] Prediksi: XSS
2025-03-10 10:17:08,398 - INFO - Prediction result: {'prediction': 'XSS'}
2025-03-10 10:17:08,398 - INFO - Prediction result: {'prediction': 'XSS'}
2025-03-10 10:17:08,398 - INFO - Prediction result: {'prediction': 'XSS'}
2025-03-10 10:17:08,398 - INFO - Prediction result: {'prediction': 'XSS'}
2025-03-10 10:22:21,503 - INFO - Processing payload from IP ::1: {
    "method": "GET",
    "url": "\/moodle\/my\/",
    "body": ""
}
2025-03-10 10:22:21,503 - INFO - Processing payload from IP ::1: {
    "method": "GET",
    "url": "\/moodle\/my\/",
    "body": ""
}
2025-03-10 10:22:21,504 - INFO - [2025-03-10T10:22:21.504071] IP: ::1 | User-Agent: Tidak Diketahui | Input: {
    "method": "GET",
    "url": "\/moodle\/my\/",
    "body": ""
}
2025-03-10 10:22:21,504 - INFO - [2025-03-10T10:22:21.504071] IP: ::1 | User-Agent: Tidak Diketahui | Input: {
    "method": "GET",
    "url": "\/moodle\/my\/",
    "body": ""
}
2025-03-10 10:22:21,513 - INFO - [2025-03-10T10:22:21.504071] Prediksi: XSS
2025-03-10 10:22:21,513 - INFO - [2025-03-10T10:22:21.504071] Prediksi: XSS
2025-03-10 10:22:21,514 - INFO - Prediction result: {'prediction': 'XSS'}
2025-03-10 10:22:21,514 - INFO - Prediction result: {'prediction': 'XSS'}
2025-03-10 10:22:31,784 - INFO - Processing payload from IP ::1: {
    "method": "GET",
    "url": "\/moodle\/my\/",
    "body": ""
}
2025-03-10 10:22:31,784 - INFO - Processing payload from IP ::1: {
    "method": "GET",
    "url": "\/moodle\/my\/",
    "body": ""
}
2025-03-10 10:22:31,784 - INFO - Processing payload from IP ::1: {
    "method": "GET",
    "url": "\/moodle\/my\/",
    "body": ""
}
2025-03-10 10:22:31,784 - INFO - Processing payload from IP ::1: {
    "method": "GET",
    "url": "\/moodle\/my\/",
    "body": ""
}
2025-03-10 10:22:31,786 - INFO - [2025-03-10T10:22:31.786553] IP: ::1 | User-Agent: Tidak Diketahui | Input: {
    "method": "GET",
    "url": "\/moodle\/my\/",
    "body": ""
}
2025-03-10 10:22:31,786 - INFO - [2025-03-10T10:22:31.786553] IP: ::1 | User-Agent: Tidak Diketahui | Input: {
    "method": "GET",
    "url": "\/moodle\/my\/",
    "body": ""
}
2025-03-10 10:22:31,786 - INFO - [2025-03-10T10:22:31.786553] IP: ::1 | User-Agent: Tidak Diketahui | Input: {
    "method": "GET",
    "url": "\/moodle\/my\/",
    "body": ""
}
2025-03-10 10:22:31,786 - INFO - [2025-03-10T10:22:31.786553] IP: ::1 | User-Agent: Tidak Diketahui | Input: {
    "method": "GET",
    "url": "\/moodle\/my\/",
    "body": ""
}
2025-03-10 10:22:31,791 - INFO - [2025-03-10T10:22:31.786553] Cache hit: XSS
2025-03-10 10:22:31,791 - INFO - [2025-03-10T10:22:31.786553] Cache hit: XSS
2025-03-10 10:22:31,791 - INFO - [2025-03-10T10:22:31.786553] Cache hit: XSS
2025-03-10 10:22:31,791 - INFO - [2025-03-10T10:22:31.786553] Cache hit: XSS
2025-03-10 10:22:31,792 - INFO - Prediction result: {'prediction': 'XSS'}
2025-03-10 10:22:31,793 - INFO - Prediction result: {'prediction': 'XSS'}
2025-03-10 10:22:31,792 - INFO - Prediction result: {'prediction': 'XSS'}
2025-03-10 10:22:31,793 - INFO - Prediction result: {'prediction': 'XSS'}
2025-03-10 10:23:59,971 - INFO - Processing payload from IP ::1: {
    "method": "GET",
    "url": "\/moodle\/my\/",
    "body": ""
}
2025-03-10 10:23:59,971 - INFO - Processing payload from IP ::1: {
    "method": "GET",
    "url": "\/moodle\/my\/",
    "body": ""
}
2025-03-10 10:23:59,971 - INFO - Processing payload from IP ::1: {
    "method": "GET",
    "url": "\/moodle\/my\/",
    "body": ""
}
2025-03-10 10:23:59,971 - INFO - Processing payload from IP ::1: {
    "method": "GET",
    "url": "\/moodle\/my\/",
    "body": ""
}
2025-03-10 10:23:59,973 - INFO - [2025-03-10T10:23:59.972646] IP: ::1 | User-Agent: Tidak Diketahui | Input: {
    "method": "GET",
    "url": "\/moodle\/my\/",
    "body": ""
}
2025-03-10 10:23:59,973 - INFO - [2025-03-10T10:23:59.973646] IP: ::1 | User-Agent: Tidak Diketahui | Input: {
    "method": "GET",
    "url": "\/moodle\/my\/",
    "body": ""
}
2025-03-10 10:23:59,973 - INFO - [2025-03-10T10:23:59.973646] IP: ::1 | User-Agent: Tidak Diketahui | Input: {
    "method": "GET",
    "url": "\/moodle\/my\/",
    "body": ""
}
2025-03-10 10:23:59,982 - INFO - [2025-03-10T10:23:59.972646] Prediksi: XSS
2025-03-10 10:23:59,982 - INFO - [2025-03-10T10:23:59.972646] Prediksi: XSS
2025-03-10 10:23:59,984 - INFO - [2025-03-10T10:23:59.973646] Prediksi: XSS
2025-03-10 10:23:59,984 - INFO - [2025-03-10T10:23:59.973646] Prediksi: XSS
2025-03-10 10:23:59,985 - INFO - Prediction result: {'prediction': 'XSS'}
2025-03-10 10:23:59,985 - INFO - Prediction result: {'prediction': 'XSS'}
2025-03-10 10:23:59,988 - INFO - Prediction result: {'prediction': 'XSS'}
2025-03-10 10:23:59,988 - INFO - Prediction result: {'prediction': 'XSS'}
2025-03-10 10:37:26,150 - INFO - Processing payload from IP ::1: {
    "method": "GET",
    "url": "\/moodle\/my\/",
    "body": ""
}
2025-03-10 10:37:26,151 - INFO - [2025-03-10T10:37:26.151438] IP: ::1 | User-Agent: Unknown | Input: {
    "method": "GET",
    "url": "\/moodle\/my\/",
    "body": ""
}
2025-03-10 10:37:26,150 - INFO - Processing payload from IP ::1: {
    "method": "GET",
    "url": "\/moodle\/my\/",
    "body": ""
}
2025-03-10 10:37:26,151 - INFO - [2025-03-10T10:37:26.151438] IP: ::1 | User-Agent: Unknown | Input: {
    "method": "GET",
    "url": "\/moodle\/my\/",
    "body": ""
}
2025-03-10 10:37:26,161 - INFO - [2025-03-10T10:37:26.151438] Prediction: XSS
2025-03-10 10:37:26,161 - INFO - [2025-03-10T10:37:26.151438] Prediction: XSS
2025-03-10 10:37:26,162 - INFO - Prediction result: {'prediction': 'XSS'}
2025-03-10 10:37:26,162 - INFO - Prediction result: {'prediction': 'XSS'}
2025-03-10 10:39:28,360 - INFO - Processing payload from IP ::1: {
    "method": "GET",
    "url": "\/moodle\/my\/",
    "body": ""
}
2025-03-10 10:39:28,360 - INFO - Processing payload from IP ::1: {
    "method": "GET",
    "url": "\/moodle\/my\/",
    "body": ""
}
2025-03-10 10:39:28,360 - INFO - [2025-03-10T10:39:28.360830] IP: ::1 | User-Agent: Unknown | Input: {
    "method": "GET",
    "url": "\/moodle\/my\/",
    "body": ""
}
2025-03-10 10:39:28,361 - INFO - [2025-03-10T10:39:28.361863] IP: ::1 | User-Agent: Unknown | Input: {
    "method": "GET",
    "url": "\/moodle\/my\/",
    "body": ""
}
2025-03-10 10:39:28,370 - INFO - [2025-03-10T10:39:28.360830] Prediction: XSS
2025-03-10 10:39:28,370 - INFO - [2025-03-10T10:39:28.361863] Prediction: XSS
2025-03-10 10:39:28,371 - INFO - Prediction result: {'prediction': 'XSS'}
2025-03-10 10:39:28,371 - INFO - Prediction result: {'prediction': 'XSS'}
2025-03-10 10:43:24,293 - INFO - Processing payload from IP ::1: {
    "method": "GET",
    "url": "\/moodle\/my\/",
    "body": ""
}
2025-03-10 10:43:24,295 - INFO - [2025-03-10T10:43:24.295211] IP: ::1 | User-Agent: Unknown | Input: {
    "method": "GET",
    "url": "\/moodle\/my\/",
    "body": ""
}
2025-03-10 10:43:24,314 - INFO - [2025-03-10T10:43:24.295211] Prediction: XSS
2025-03-10 10:43:24,314 - INFO - Prediction result: {'prediction': 'XSS'}
2025-03-10 10:52:28,588 - INFO - Memproses payload dari IP ::1: {
    "method": "GET",
    "url": "\/moodle\/my\/",
    "body": ""
}
2025-03-10 10:52:28,588 - INFO - [2025-03-10T10:52:28.588209] IP: ::1 | User-Agent: Tidak Diketahui | Input: {
    "method": "GET",
    "url": "\/moodle\/my\/",
    "body": ""
}
2025-03-10 10:52:28,595 - INFO - [2025-03-10T10:52:28.588209] Prediksi: XSS
2025-03-10 10:52:28,596 - INFO - Hasil prediksi: {'prediction': 'XSS'}
2025-03-10 11:13:22,749 - INFO - Memproses payload dari IP ::1: {
    "method": "GET",
    "url": "\/moodle\/my\/",
    "body": ""
}
2025-03-10 11:13:22,751 - INFO - [2025-03-10T11:13:22.750537] IP: ::1 | User-Agent: Tidak Diketahui | Input: {
    "method": "GET",
    "url": "\/moodle\/my\/",
    "body": ""
}
2025-03-10 11:13:22,776 - INFO - [2025-03-10T11:13:22.750537] Prediksi: XSS
2025-03-10 11:13:22,777 - INFO - Hasil prediksi: {'prediction': 'XSS'}
2025-03-10 11:28:52,649 - INFO - Memproses payload dari IP ::1: {
    "method": "GET",
    "url": "\/moodle\/my\/",
    "body": ""
}
2025-03-10 11:28:52,713 - INFO - [2025-03-10T11:28:52.713005] IP: ::1 | User-Agent: Tidak Diketahui | Input: {
    "method": "GET",
    "url": "\/moodle\/my\/",
    "body": ""
}
2025-03-10 11:28:52,938 - INFO - [2025-03-10T11:28:52.713005] Prediksi: XSS
2025-03-10 11:28:52,965 - INFO - Hasil prediksi: {'prediction': 'XSS'}
2025-03-10 20:58:11,978 - INFO - Memproses payload dari IP ::1: {
    "method": "GET",
    "url": "\/moodle\/my\/",
    "body": ""
}
2025-03-10 20:58:11,980 - INFO - [2025-03-10T20:58:11.980366] IP: ::1 | User-Agent: Tidak Diketahui | Input: {
    "method": "GET",
    "url": "\/moodle\/my\/",
    "body": ""
}
2025-03-10 20:58:12,004 - INFO - [2025-03-10T20:58:11.980366] Prediksi: XSS
2025-03-10 20:58:12,005 - INFO - Hasil prediksi: {'prediction': 'XSS'}
2025-03-10 21:19:18,148 - INFO - Memproses payload dari IP ::1: {
    "method": "GET",
    "url": "\/moodle\/my\/",
    "body": ""
}
2025-03-10 21:19:18,149 - INFO - [2025-03-10T21:19:18.149632] IP: ::1 | User-Agent: Tidak Diketahui | Input: {
    "method": "GET",
    "url": "\/moodle\/my\/",
    "body": ""
}
2025-03-10 21:19:18,174 - INFO - [2025-03-10T21:19:18.149632] Prediksi: XSS
2025-03-10 21:19:18,176 - INFO - Hasil prediksi: {'prediction': 'XSS'}
2025-03-10 21:31:50,869 - INFO - Memproses payload dari IP ::1: {
    "method": "GET",
    "url": "\/moodle\/my\/",
    "body": ""
}
2025-03-10 21:31:50,871 - INFO - [2025-03-10T21:31:50.871372] IP: ::1 | User-Agent: Tidak Diketahui | Input: {
    "method": "GET",
    "url": "\/moodle\/my\/",
    "body": ""
}
2025-03-10 21:31:50,898 - INFO - [2025-03-10T21:31:50.871372] Prediksi: XSS
2025-03-10 21:31:50,899 - INFO - Hasil prediksi: {'prediction': 'XSS'}
2025-03-10 21:36:21,336 - INFO - Memproses payload dari IP ::1: {
    "method": "GET",
    "url": "\/moodle\/my\/",
    "body": ""
}
2025-03-10 21:36:21,338 - INFO - [2025-03-10T21:36:21.338981] IP: ::1 | User-Agent: Tidak Diketahui | Input: {
    "method": "GET",
    "url": "\/moodle\/my\/",
    "body": ""
}
2025-03-10 21:36:21,367 - INFO - [2025-03-10T21:36:21.338981] Prediksi: XSS
2025-03-10 21:36:21,368 - INFO - Hasil prediksi: {'prediction': 'XSS'}
2025-03-10 21:43:55,894 - INFO - Memproses payload dari IP ::1: {
    "method": "GET",
    "url": "\/moodle\/my\/",
    "body": ""
}
2025-03-10 21:43:55,894 - INFO - [2025-03-10T21:43:55.894723] IP: ::1 | User-Agent: Tidak Diketahui | Input: {
    "method": "GET",
    "url": "\/moodle\/my\/",
    "body": ""
}
2025-03-10 21:43:55,901 - INFO - [2025-03-10T21:43:55.894723] Prediksi: XSS
2025-03-10 21:43:55,903 - INFO - Hasil prediksi: {'prediction': 'XSS'}
2025-03-11 10:15:59,970 - INFO - Memproses payload dari IP ::1: {
    "method": "GET",
    "url": "\/moodle\/",
    "body": ""
}
2025-03-11 10:16:00,039 - INFO - [2025-03-11T10:16:00.039636] IP: ::1 | User-Agent: Tidak Diketahui | Input: {
    "method": "GET",
    "url": "\/moodle\/",
    "body": ""
}
2025-03-11 10:16:00,049 - INFO - [2025-03-11T10:16:00.039636] Prediksi: Normal
2025-03-11 10:16:00,049 - INFO - Hasil prediksi: {'prediction': 'Normal'}
2025-03-11 10:16:50,772 - INFO - Memproses payload dari IP ::1: {
    "method": "GET",
    "url": "\/moodle\/my\/",
    "body": ""
}
2025-03-11 10:16:50,773 - INFO - [2025-03-11T10:16:50.773689] IP: ::1 | User-Agent: Tidak Diketahui | Input: {
    "method": "GET",
    "url": "\/moodle\/my\/",
    "body": ""
}
2025-03-11 10:16:50,794 - INFO - [2025-03-11T10:16:50.773689] Prediksi: Normal
2025-03-11 10:16:50,796 - INFO - Hasil prediksi: {'prediction': 'Normal'}
2025-03-11 10:24:04,911 - INFO - Memproses payload dari IP ::1: {
    "method": "GET",
    "url": "\/moodle\/my\/",
    "body": ""
}
2025-03-11 10:24:04,913 - INFO - [2025-03-11T10:24:04.913848] IP: ::1 | User-Agent: Tidak Diketahui | Input: {
    "method": "GET",
    "url": "\/moodle\/my\/",
    "body": ""
}
2025-03-11 10:24:04,939 - INFO - [2025-03-11T10:24:04.913848] Prediksi: Normal
2025-03-11 10:24:04,940 - INFO - Hasil prediksi: {'prediction': 'Normal'}
2025-03-11 12:44:55,621 - INFO - Memproses payload dari IP ::1: {
    "method": "GET",
    "url": "\/moodle\/my\/courses.php",
    "body": ""
}
2025-03-11 12:44:55,624 - INFO - [2025-03-11T12:44:55.623054] IP: ::1 | User-Agent: Tidak Diketahui | Input: {
    "method": "GET",
    "url": "\/moodle\/my\/courses.php",
    "body": ""
}
2025-03-11 12:44:55,666 - INFO - [2025-03-11T12:44:55.623054] Prediksi: Normal
2025-03-11 12:44:55,667 - INFO - Hasil prediksi: {'prediction': 'Normal'}
2025-03-11 12:45:11,124 - INFO - Memproses payload dari IP ::1: {
    "method": "POST",
    "url": "http:\/\/localhost\/moodle\/my\/courses.php",
    "body": {
        "submitted_at": "2025-03-11T05:45:10.939Z"
    }
}
2025-03-11 12:45:11,124 - INFO - [2025-03-11T12:45:11.124618] IP: ::1 | User-Agent: Tidak Diketahui | Input: {
    "method": "POST",
    "url": "http:\/\/localhost\/moodle\/my\/courses.php",
    "body": {
        "submitted_at": "2025-03-11T05:45:10.939Z"
    }
}
2025-03-11 12:45:11,135 - INFO - [2025-03-11T12:45:11.124618] Prediksi: Normal
2025-03-11 12:45:11,135 - INFO - Hasil prediksi: {'prediction': 'Normal'}
2025-03-11 12:45:15,075 - INFO - Memproses payload dari IP ::1: {
    "method": "POST",
    "url": "\/moodle\/course\/edit.php?category=1",
    "body": ""
}
2025-03-11 12:45:15,076 - INFO - [2025-03-11T12:45:15.076660] IP: ::1 | User-Agent: Tidak Diketahui | Input: {
    "method": "POST",
    "url": "\/moodle\/course\/edit.php?category=1",
    "body": ""
}
2025-03-11 12:45:15,083 - INFO - [2025-03-11T12:45:15.076660] Prediksi: Normal
2025-03-11 12:45:15,084 - INFO - Hasil prediksi: {'prediction': 'Normal'}
2025-03-11 12:47:09,066 - INFO - Memproses payload dari IP ::1: {
    "method": "POST",
    "url": "http:\/\/localhost\/moodle\/course\/edit.php?category=1",
    "body": {
        "returnto": "0",
        "returnurl": "http:\/\/localhost\/moodle\/course\/",
        "mform_isexpanded_id_descriptionhdr": "1",
        "addcourseformatoptionshere": "",
        "id": "",
        "sesskey": "nzJKGXByEC",
        "_qf__course_edit_form": "1",
        "mform_isexpanded_id_general": "1",
        "mform_isexpanded_id_courseformathdr": "0",
        "mform_isexpanded_id_appearancehdr": "0",
        "mform_isexpanded_id_filehdr": "0",
        "mform_isexpanded_id_completionhdr": "0",
        "mform_isexpanded_id_groups": "0",
        "mform_isexpanded_id_tagshdr": "0",
        "fullname": "Machine Learning",
        "shortname": "ML",
        "category": "1",
        "visible": "1",
        "startdate": {
            "day": "12",
            "month": "3",
            "year": "2025",
            "hour": "0",
            "minute": "0"
        },
        "enddate": {
            "enabled": "1",
            "day": "12",
            "month": "3",
            "year": "2026",
            "hour": "0",
            "minute": "0"
        },
        "idnumber": "",
        "summary_editor": {
            "text": "<p>Aku anak ML<\/p>",
            "format": "1",
            "itemid": "102705117"
        },
        "overviewfiles_filemanager": "166883638",
        "format": "topics",
        "numsections": "4",
        "hiddensections": "1",
        "coursedisplay": "0",
        "lang": "",
        "newsitems": "5",
        "showgrades": "1",
        "showreports": "0",
        "showactivitydates": "1",
        "maxbytes": "0",
        "enablecompletion": "1",
        "showcompletionconditions": "1",
        "groupmode": "0",
        "groupmodeforce": "0",
        "defaultgroupingid": "0",
        "tags": "_qf__force_multiselect_submission",
        "submitted_at": "2025-03-11T05:47:08.793Z"
    }
}
2025-03-11 12:47:09,067 - INFO - [2025-03-11T12:47:09.067188] IP: ::1 | User-Agent: Tidak Diketahui | Input: {
    "method": "POST",
    "url": "http:\/\/localhost\/moodle\/course\/edit.php?category=1",
    "body": {
        "returnto": "0",
        "returnurl": "http:\/\/localhost\/moodle\/course\/",
        "mform_isexpanded_id_descriptionhdr": "1",
        "addcourseformatoptionshere": "",
        "id": "",
        "sesskey": "nzJKGXByEC",
        "_qf__course_edit_form": "1",
        "mform_isexpanded_id_general": "1",
        "mform_isexpanded_id_courseformathdr": "0",
        "mform_isexpanded_id_appearancehdr": "0",
        "mform_isexpanded_id_filehdr": "0",
        "mform_isexpanded_id_completionhdr": "0",
        "mform_isexpanded_id_groups": "0",
        "mform_isexpanded_id_tagshdr": "0",
        "fullname": "Machine Learning",
        "shortname": "ML",
        "category": "1",
        "visible": "1",
        "startdate": {
            "day": "12",
            "month": "3",
            "year": "2025",
            "hour": "0",
            "minute": "0"
        },
        "enddate": {
            "enabled": "1",
            "day": "12",
            "month": "3",
            "year": "2026",
            "hour": "0",
            "minute": "0"
        },
        "idnumber": "",
        "summary_editor": {
            "text": "<p>Aku anak ML<\/p>",
            "format": "1",
            "itemid": "102705117"
        },
        "overviewfiles_filemanager": "166883638",
        "format": "topics",
        "numsections": "4",
        "hiddensections": "1",
        "coursedisplay": "0",
        "lang": "",
        "newsitems": "5",
        "showgrades": "1",
        "showreports": "0",
        "showactivitydates": "1",
        "maxbytes": "0",
        "enablecompletion": "1",
        "showcompletionconditions": "1",
        "groupmode": "0",
        "groupmodeforce": "0",
        "defaultgroupingid": "0",
        "tags": "_qf__force_multiselect_submission",
        "submitted_at": "2025-03-11T05:47:08.793Z"
    }
}
2025-03-11 12:47:09,086 - INFO - [2025-03-11T12:47:09.067188] Prediksi: Normal
2025-03-11 12:47:09,087 - INFO - Hasil prediksi: {'prediction': 'Normal'}
2025-03-11 12:47:25,438 - INFO - Memproses payload dari IP ::1: {
    "method": "GET",
    "url": "\/moodle\/course\/view.php?id=3",
    "body": "id=3"
}
2025-03-11 12:47:25,438 - INFO - [2025-03-11T12:47:25.438342] IP: ::1 | User-Agent: Tidak Diketahui | Input: {
    "method": "GET",
    "url": "\/moodle\/course\/view.php?id=3",
    "body": "id=3"
}
2025-03-11 12:47:25,447 - INFO - [2025-03-11T12:47:25.438342] Prediksi: XSS
2025-03-11 12:47:25,448 - INFO - Hasil prediksi: {'prediction': 'XSS'}
2025-03-18 10:55:26,036 - INFO - Memproses payload dari IP ::1: {
    "method": "GET",
    "url": "\/moodle\/my\/courses.php",
    "body": ""
}
2025-03-18 10:55:26,069 - INFO - [2025-03-18T10:55:26.069862] IP: ::1 | User-Agent: Tidak Diketahui | Input: {
    "method": "GET",
    "url": "\/moodle\/my\/courses.php",
    "body": ""
}
2025-03-18 10:55:26,109 - ERROR - [2025-03-18T10:55:26.069862] Kesalahan Server: MISCONF Redis is configured to save RDB snapshots, but it is currently not able to persist on disk. Commands that may modify the data set are disabled, because this instance is configured to report errors during writes if RDB snapshotting fails (stop-writes-on-bgsave-error option). Please check the Redis logs for details about the RDB error.
2025-03-18 10:55:26,110 - INFO - Hasil prediksi: {'error': 'Kesalahan server internal'}
2025-03-18 10:55:45,805 - INFO - Memproses payload dari IP ::1: {
    "method": "GET",
    "url": "\/moodle\/my\/",
    "body": ""
}
2025-03-18 10:55:45,806 - INFO - [2025-03-18T10:55:45.806587] IP: ::1 | User-Agent: Tidak Diketahui | Input: {
    "method": "GET",
    "url": "\/moodle\/my\/",
    "body": ""
}
2025-03-18 10:55:45,814 - ERROR - [2025-03-18T10:55:45.806587] Kesalahan Server: MISCONF Redis is configured to save RDB snapshots, but it is currently not able to persist on disk. Commands that may modify the data set are disabled, because this instance is configured to report errors during writes if RDB snapshotting fails (stop-writes-on-bgsave-error option). Please check the Redis logs for details about the RDB error.
2025-03-18 10:55:45,814 - INFO - Hasil prediksi: {'error': 'Kesalahan server internal'}
2025-03-18 11:10:30,821 - INFO - Memproses payload dari IP ::1: {
    "method": "GET",
    "url": "\/moodle\/my\/courses.php",
    "body": ""
}
2025-03-18 11:10:30,821 - INFO - [2025-03-18T11:10:30.821885] IP: ::1 | User-Agent: Tidak Diketahui | Input: {
    "method": "GET",
    "url": "\/moodle\/my\/courses.php",
    "body": ""
}
2025-03-18 11:10:30,831 - INFO - [2025-03-18T11:10:30.821885] Prediksi: Normal
2025-03-18 11:10:30,833 - INFO - Hasil prediksi: {'prediction': 'Normal'}
    2025-03-18 11:12:00,438 - INFO - Memproses payload dari IP ::1: {
    "method": "GET",
    "url": "\/moodle\/course\/view.php?id=2",
    "body": "id=2"
}
2025-03-18 11:12:00,438 - INFO - [2025-03-18T11:12:00.438439] IP: ::1 | User-Agent: Tidak Diketahui | Input: {
    "method": "GET",
    "url": "\/moodle\/course\/view.php?id=2",
    "body": "id=2"
}
2025-03-18 11:12:00,565 - INFO - [2025-03-18T11:12:00.438439] Prediksi: XSS
2025-03-18 11:12:00,565 - INFO - Hasil prediksi: {'prediction': 'XSS'}
2025-03-18 11:13:03,073 - INFO - Memproses payload dari IP ::1: {
    "method": "GET",
    "url": "\/moodle\/course\/edit.php?id=2",
    "body": "id=2"
}
2025-03-18 11:13:03,074 - INFO - [2025-03-18T11:13:03.074908] IP: ::1 | User-Agent: Tidak Diketahui | Input: {
    "method": "GET",
    "url": "\/moodle\/course\/edit.php?id=2",
    "body": "id=2"
}
2025-03-18 11:13:03,083 - INFO - [2025-03-18T11:13:03.074908] Prediksi: XSS
2025-03-18 11:13:03,083 - INFO - Hasil prediksi: {'prediction': 'XSS'}
2025-03-18 11:15:29,625 - INFO - Memproses payload dari IP ::1: {
    "method": "GET",
    "url": "\/moodle\/course\/view.php?id=2",
    "body": "id=2"
}
2025-03-18 11:15:29,625 - INFO - [2025-03-18T11:15:29.625894] IP: ::1 | User-Agent: Tidak Diketahui | Input: {
    "method": "GET",
    "url": "\/moodle\/course\/view.php?id=2",
    "body": "id=2"
}
2025-03-18 11:15:29,635 - INFO - [2025-03-18T11:15:29.625894] Prediksi: XSS
2025-03-18 11:15:29,636 - INFO - Hasil prediksi: {'prediction': 'XSS'}
2025-03-18 12:01:15,915 - INFO - Memproses payload dari IP ::1: {
    "method": "GET",
    "url": "\/moodle\/admin\/search.php",
    "body": ""
}
2025-03-18 12:01:15,916 - INFO - [2025-03-18T12:01:15.916574] IP: ::1 | User-Agent: Tidak Diketahui | Input: {
    "method": "GET",
    "url": "\/moodle\/admin\/search.php",
    "body": ""
}
2025-03-18 12:01:15,945 - INFO - [2025-03-18T12:01:15.916574] Prediksi: Normal
2025-03-18 12:01:15,946 - INFO - Hasil prediksi: {'prediction': 'Normal'}
2025-04-14 09:28:09,137 - INFO - Memproses payload dari IP ::1: {
    "method": "GET",
    "url": "\/moodle\/",
    "body": ""
}
2025-04-14 09:28:09,138 - INFO - [2025-04-14T09:28:09.138702] IP: ::1 | User-Agent: Tidak Diketahui | Input: {
    "method": "GET",
    "url": "\/moodle\/",
    "body": ""
}
2025-04-14 09:28:09,313 - INFO - [2025-04-14T09:28:09.138702] Prediksi: Normal
2025-04-14 09:28:09,313 - INFO - Hasil prediksi: {'prediction': 'Normal'}
2025-04-14 09:28:32,950 - INFO - Memproses payload dari IP ::1: {
    "method": "GET",
    "url": "\/moodle\/",
    "body": ""
}
2025-04-14 09:28:32,950 - INFO - [2025-04-14T09:28:32.950522] IP: ::1 | User-Agent: Tidak Diketahui | Input: {
    "method": "GET",
    "url": "\/moodle\/",
    "body": ""
}
2025-04-14 09:28:32,954 - INFO - [2025-04-14T09:28:32.950522] Cache hit: Normal
2025-04-14 09:28:32,955 - INFO - Hasil prediksi: {'prediction': 'Normal'}
2025-04-14 09:29:02,869 - INFO - Memproses payload dari IP ::1: {
    "method": "GET",
    "url": "\/moodle\/my\/",
    "body": ""
}
2025-04-14 09:29:02,870 - INFO - [2025-04-14T09:29:02.870007] IP: ::1 | User-Agent: Tidak Diketahui | Input: {
    "method": "GET",
    "url": "\/moodle\/my\/",
    "body": ""
}
2025-04-14 09:29:02,878 - INFO - [2025-04-14T09:29:02.870007] Prediksi: Normal
2025-04-14 09:29:02,878 - INFO - Hasil prediksi: {'prediction': 'Normal'}
2025-04-14 17:45:28,342 - INFO - Memproses payload dari IP ::1: {
    "method": "GET",
    "url": "\/moodle\/my\/",
    "body": ""
}
2025-04-14 17:45:28,372 - INFO - [2025-04-14T17:45:28.372037] IP: ::1 | User-Agent: Tidak Diketahui | Input: {
    "method": "GET",
    "url": "\/moodle\/my\/",
    "body": ""
}
2025-04-14 17:45:28,418 - INFO - [2025-04-14T17:45:28.372037] Prediksi: Normal
2025-04-14 17:45:28,418 - INFO - Hasil prediksi: {'prediction': 'Normal'}
2025-04-14 17:46:01,410 - INFO - Memproses payload dari IP ::1: {
    "method": "GET",
    "url": "\/moodle\/my\/courses.php",
    "body": ""
}
2025-04-14 17:46:01,411 - INFO - [2025-04-14T17:46:01.411966] IP: ::1 | User-Agent: Tidak Diketahui | Input: {
    "method": "GET",
    "url": "\/moodle\/my\/courses.php",
    "body": ""
}
2025-04-14 17:46:01,420 - INFO - [2025-04-14T17:46:01.411966] Prediksi: Normal
2025-04-14 17:46:01,421 - INFO - Hasil prediksi: {'prediction': 'Normal'}
2025-04-14 17:46:26,935 - INFO - Memproses payload dari IP ::1: {
    "method": "GET",
    "url": "\/moodle\/course\/view.php?id=2",
    "body": "id=2"
}
2025-04-14 17:46:26,936 - INFO - [2025-04-14T17:46:26.936835] IP: ::1 | User-Agent: Tidak Diketahui | Input: {
    "method": "GET",
    "url": "\/moodle\/course\/view.php?id=2",
    "body": "id=2"
}
2025-04-14 17:46:26,942 - INFO - [2025-04-14T17:46:26.936835] Prediksi: XSS
2025-04-14 17:46:26,943 - INFO - Hasil prediksi: {'prediction': 'XSS'}
2025-04-14 17:47:32,069 - INFO - Memproses payload dari IP ::1: {
    "method": "GET",
    "url": "\/moodle\/course\/edit.php?id=2",
    "body": "id=2"
}
2025-04-14 17:47:32,070 - INFO - [2025-04-14T17:47:32.070081] IP: ::1 | User-Agent: Tidak Diketahui | Input: {
    "method": "GET",
    "url": "\/moodle\/course\/edit.php?id=2",
    "body": "id=2"
}
2025-04-14 17:47:32,075 - INFO - [2025-04-14T17:47:32.070081] Prediksi: XSS
2025-04-14 17:47:32,076 - INFO - Hasil prediksi: {'prediction': 'XSS'}
2025-04-14 17:48:06,224 - INFO - Memproses payload dari IP ::1: {
    "method": "GET",
    "url": "\/moodle\/?redirect=0",
    "body": "redirect=0"
}
2025-04-14 17:48:06,224 - INFO - [2025-04-14T17:48:06.224301] IP: ::1 | User-Agent: Tidak Diketahui | Input: {
    "method": "GET",
    "url": "\/moodle\/?redirect=0",
    "body": "redirect=0"
}
2025-04-14 17:48:06,230 - INFO - [2025-04-14T17:48:06.224301] Prediksi: Normal
2025-04-14 17:48:06,231 - INFO - Hasil prediksi: {'prediction': 'Normal'}
2025-04-14 17:50:22,440 - INFO - Memproses payload dari IP ::1: {
    "method": "GET",
    "url": "\/moodle\/my\/",
    "body": ""
}
2025-04-14 17:50:22,440 - INFO - [2025-04-14T17:50:22.440937] IP: ::1 | User-Agent: Tidak Diketahui | Input: {
    "method": "GET",
    "url": "\/moodle\/my\/",
    "body": ""
}
2025-04-14 17:50:22,447 - INFO - [2025-04-14T17:50:22.440937] Prediksi: Normal
2025-04-14 17:50:22,448 - INFO - Hasil prediksi: {'prediction': 'Normal'}
2025-04-14 17:53:14,143 - INFO - Memproses payload dari IP ::1: {
    "method": "GET",
    "url": "\/moodle\/admin\/search.php",
    "body": ""
}
2025-04-14 17:53:14,143 - INFO - [2025-04-14T17:53:14.143151] IP: ::1 | User-Agent: Tidak Diketahui | Input: {
    "method": "GET",
    "url": "\/moodle\/admin\/search.php",
    "body": ""
}
2025-04-14 17:53:14,150 - INFO - [2025-04-14T17:53:14.143151] Prediksi: Normal
2025-04-14 17:53:14,151 - INFO - Hasil prediksi: {'prediction': 'Normal'}
2025-04-14 17:53:33,810 - INFO - Memproses payload dari IP ::1: {
    "method": "GET",
    "url": "\/moodle\/admin\/tool\/installaddon\/index.php",
    "body": ""
}
2025-04-14 17:53:33,810 - INFO - [2025-04-14T17:53:33.810161] IP: ::1 | User-Agent: Tidak Diketahui | Input: {
    "method": "GET",
    "url": "\/moodle\/admin\/tool\/installaddon\/index.php",
    "body": ""
}
2025-04-14 17:53:33,816 - INFO - [2025-04-14T17:53:33.810161] Prediksi: Normal
2025-04-14 17:53:33,816 - INFO - Hasil prediksi: {'prediction': 'Normal'}
2025-04-15 09:06:18,744 - INFO - Memproses payload dari IP ::1: {
    "method": "GET",
    "url": "\/moodle\/admin\/search.php",
    "body": ""
}
2025-04-15 09:06:18,745 - INFO - [2025-04-15T09:06:18.745337] IP: ::1 | User-Agent: Tidak Diketahui | Input: {
    "method": "GET",
    "url": "\/moodle\/admin\/search.php",
    "body": ""
}
2025-04-15 09:06:18,940 - INFO - [2025-04-15T09:06:18.745337] Prediksi: Normal
2025-04-15 09:06:18,941 - INFO - Hasil prediksi: {'prediction': 'Normal'}
2025-04-15 09:07:12,581 - INFO - Memproses payload dari IP ::1: {
    "method": "GET",
    "url": "\/moodle\/my\/courses.php",
    "body": ""
}
2025-04-15 09:07:12,582 - INFO - [2025-04-15T09:07:12.582341] IP: ::1 | User-Agent: Tidak Diketahui | Input: {
    "method": "GET",
    "url": "\/moodle\/my\/courses.php",
    "body": ""
}
2025-04-15 09:07:12,588 - INFO - [2025-04-15T09:07:12.582341] Prediksi: Normal
2025-04-15 09:07:12,589 - INFO - Hasil prediksi: {'prediction': 'Normal'}
2025-04-15 09:07:14,311 - INFO - Memproses payload dari IP ::1: {
    "method": "GET",
    "url": "\/moodle\/my\/courses.php",
    "body": ""
}
2025-04-15 09:07:14,312 - INFO - [2025-04-15T09:07:14.312228] IP: ::1 | User-Agent: Tidak Diketahui | Input: {
    "method": "GET",
    "url": "\/moodle\/my\/courses.php",
    "body": ""
}
2025-04-15 09:07:14,315 - INFO - [2025-04-15T09:07:14.312228] Cache hit: Normal
2025-04-15 09:07:14,316 - INFO - Hasil prediksi: {'prediction': 'Normal'}
2025-04-15 09:07:26,502 - INFO - Memproses payload dari IP ::1: {
    "method": "GET",
    "url": "\/moodle\/my\/",
    "body": ""
}
2025-04-15 09:07:26,502 - INFO - [2025-04-15T09:07:26.502612] IP: ::1 | User-Agent: Tidak Diketahui | Input: {
    "method": "GET",
    "url": "\/moodle\/my\/",
    "body": ""
}
2025-04-15 09:07:26,508 - INFO - [2025-04-15T09:07:26.502612] Prediksi: Normal
2025-04-15 09:07:26,509 - INFO - Hasil prediksi: {'prediction': 'Normal'}
2025-04-15 09:11:10,322 - INFO - Memproses payload dari IP ::1: {
    "method": "POST",
    "url": "\/moodle\/lib\/ajax\/service.php?sesskey=KSynCGfbKM&info=core_get_fragment",
    "body": [
        {
            "index": 0,
            "methodname": "core_get_fragment",
            "args": {
                "component": "calendar",
                "callback": "event_form",
                "contextid": 2,
                "args": [
                    {
                        "name": "courseid",
                        "value": 1
                    }
                ]
            }
        }
    ]
}
2025-04-15 09:11:10,323 - INFO - [2025-04-15T09:11:10.322119] IP: ::1 | User-Agent: Tidak Diketahui | Input: {
    "method": "POST",
    "url": "\/moodle\/lib\/ajax\/service.php?sesskey=KSynCGfbKM&info=core_get_fragment",
    "body": [
        {
            "index": 0,
            "methodname": "core_get_fragment",
            "args": {
                "component": "calendar",
                "callback": "event_form",
                "contextid": 2,
                "args": [
                    {
                        "name": "courseid",
                        "value": 1
                    }
                ]
            }
        }
    ]
}
2025-04-15 09:11:10,329 - INFO - [2025-04-15T09:11:10.322119] Prediksi: Normal
2025-04-15 09:11:10,342 - INFO - Hasil prediksi: {'prediction': 'Normal'}
2025-04-15 09:12:37,271 - INFO - Memproses payload dari IP ::1: {
    "method": "GET",
    "url": "\/moodle\/my\/courses.php",
    "body": ""
}
2025-04-15 09:12:37,272 - INFO - [2025-04-15T09:12:37.272823] IP: ::1 | User-Agent: Tidak Diketahui | Input: {
    "method": "GET",
    "url": "\/moodle\/my\/courses.php",
    "body": ""
}
2025-04-15 09:12:37,282 - INFO - [2025-04-15T09:12:37.272823] Prediksi: Normal
2025-04-15 09:12:37,283 - INFO - Hasil prediksi: {'prediction': 'Normal'}
2025-04-15 09:12:47,670 - INFO - Memproses payload dari IP ::1: {
    "method": "GET",
    "url": "\/moodle\/course\/edit.php?category=1",
    "body": "category=1"
}
2025-04-15 09:12:47,671 - INFO - [2025-04-15T09:12:47.671508] IP: ::1 | User-Agent: Tidak Diketahui | Input: {
    "method": "GET",
    "url": "\/moodle\/course\/edit.php?category=1",
    "body": "category=1"
}
2025-04-15 09:12:47,677 - INFO - [2025-04-15T09:12:47.671508] Prediksi: Normal
2025-04-15 09:12:47,679 - INFO - Hasil prediksi: {'prediction': 'Normal'}
2025-04-15 09:13:12,167 - INFO - Memproses payload dari IP ::1: {
    "method": "GET",
    "url": "\/moodle\/course\/index.php?categoryid=1",
    "body": "categoryid=1"
}
2025-04-15 09:13:12,167 - INFO - [2025-04-15T09:13:12.167815] IP: ::1 | User-Agent: Tidak Diketahui | Input: {
    "method": "GET",
    "url": "\/moodle\/course\/index.php?categoryid=1",
    "body": "categoryid=1"
}
2025-04-15 09:13:12,174 - INFO - [2025-04-15T09:13:12.167815] Prediksi: Normal
2025-04-15 09:13:12,175 - INFO - Hasil prediksi: {'prediction': 'Normal'}
2025-04-15 09:13:15,991 - INFO - Memproses payload dari IP ::1: {
    "method": "GET",
    "url": "\/moodle\/admin\/tool\/uploadcourse\/index.php?categoryid=1",
    "body": "categoryid=1"
}
2025-04-15 09:13:15,991 - INFO - [2025-04-15T09:13:15.991504] IP: ::1 | User-Agent: Tidak Diketahui | Input: {
    "method": "GET",
    "url": "\/moodle\/admin\/tool\/uploadcourse\/index.php?categoryid=1",
    "body": "categoryid=1"
}
2025-04-15 09:13:15,997 - INFO - [2025-04-15T09:13:15.991504] Prediksi: Normal
2025-04-15 09:13:15,998 - INFO - Hasil prediksi: {'prediction': 'Normal'}
2025-04-15 09:13:18,740 - INFO - Memproses payload dari IP ::1: {
    "method": "GET",
    "url": "\/moodle\/my\/courses.php",
    "body": ""
}
2025-04-15 09:13:18,741 - INFO - [2025-04-15T09:13:18.741400] IP: ::1 | User-Agent: Tidak Diketahui | Input: {
    "method": "GET",
    "url": "\/moodle\/my\/courses.php",
    "body": ""
}
2025-04-15 09:13:18,744 - INFO - [2025-04-15T09:13:18.741400] Cache hit: Normal
2025-04-15 09:13:18,745 - INFO - Hasil prediksi: {'prediction': 'Normal'}
2025-04-15 09:13:20,136 - INFO - Memproses payload dari IP ::1: {
    "method": "GET",
    "url": "\/moodle\/my\/",
    "body": ""
}
2025-04-15 09:13:20,136 - INFO - [2025-04-15T09:13:20.136121] IP: ::1 | User-Agent: Tidak Diketahui | Input: {
    "method": "GET",
    "url": "\/moodle\/my\/",
    "body": ""
}
2025-04-15 09:13:20,144 - INFO - [2025-04-15T09:13:20.136121] Prediksi: Normal
2025-04-15 09:13:20,145 - INFO - Hasil prediksi: {'prediction': 'Normal'}
2025-04-15 09:13:27,818 - INFO - Memproses payload dari IP ::1: {
    "method": "GET",
    "url": "\/moodle\/admin\/search.php",
    "body": ""
}
2025-04-15 09:13:27,818 - INFO - [2025-04-15T09:13:27.818996] IP: ::1 | User-Agent: Tidak Diketahui | Input: {
    "method": "GET",
    "url": "\/moodle\/admin\/search.php",
    "body": ""
}
2025-04-15 09:13:27,826 - INFO - [2025-04-15T09:13:27.818996] Prediksi: Normal
2025-04-15 09:13:27,827 - INFO - Hasil prediksi: {'prediction': 'Normal'}
2025-04-15 09:14:02,716 - INFO - Memproses payload dari IP ::1: {
    "method": "GET",
    "url": "\/moodle\/admin\/search.php?query=%27+union+all+select+1%2C2%2C3+--+%27",
    "body": "query=%27+union+all+select+1%2C2%2C3+--+%27"
}
2025-04-15 09:14:02,717 - INFO - [2025-04-15T09:14:02.716471] IP: ::1 | User-Agent: Tidak Diketahui | Input: {
    "method": "GET",
    "url": "\/moodle\/admin\/search.php?query=%27+union+all+select+1%2C2%2C3+--+%27",
    "body": "query=%27+union+all+select+1%2C2%2C3+--+%27"
}
2025-04-15 09:14:02,723 - INFO - [2025-04-15T09:14:02.716471] Prediksi: SQL Injection
2025-04-15 09:14:02,724 - INFO - Hasil prediksi: {'prediction': 'SQL Injection'}
2025-04-15 09:15:26,504 - INFO - Memproses payload dari IP ::1: {
    "method": "GET",
    "url": "\/moodle\/admin\/search.php?query=%3Cscript%3Ealert%28%27xss%27%29%3B%3C%2Fscript%3E",
    "body": "query=%3Cscript%3Ealert%28%27xss%27%29%3B%3C%2Fscript%3E"
}
2025-04-15 09:15:26,504 - INFO - [2025-04-15T09:15:26.504455] IP: ::1 | User-Agent: Tidak Diketahui | Input: {
    "method": "GET",
    "url": "\/moodle\/admin\/search.php?query=%3Cscript%3Ealert%28%27xss%27%29%3B%3C%2Fscript%3E",
    "body": "query=%3Cscript%3Ealert%28%27xss%27%29%3B%3C%2Fscript%3E"
}
2025-04-15 09:15:26,510 - INFO - [2025-04-15T09:15:26.504455] Prediksi: Normal
2025-04-15 09:15:26,511 - INFO - Hasil prediksi: {'prediction': 'Normal'}
2025-04-15 09:16:08,600 - INFO - Memproses payload dari IP ::1: {
    "method": "GET",
    "url": "\/moodle\/admin\/search.php?query=%3Cscript%3Exss%3C%2Fscript%3E",
    "body": "query=%3Cscript%3Exss%3C%2Fscript%3E"
}
2025-04-15 09:16:08,600 - INFO - [2025-04-15T09:16:08.600683] IP: ::1 | User-Agent: Tidak Diketahui | Input: {
    "method": "GET",
    "url": "\/moodle\/admin\/search.php?query=%3Cscript%3Exss%3C%2Fscript%3E",
    "body": "query=%3Cscript%3Exss%3C%2Fscript%3E"
}
2025-04-15 09:16:08,606 - INFO - [2025-04-15T09:16:08.600683] Prediksi: Normal
2025-04-15 09:16:08,607 - INFO - Hasil prediksi: {'prediction': 'Normal'}
2025-04-15 09:16:46,786 - INFO - Memproses payload dari IP ::1: {
    "method": "GET",
    "url": "\/moodle\/admin\/search.php",
    "body": ""
}
2025-04-15 09:16:46,787 - INFO - [2025-04-15T09:16:46.787546] IP: ::1 | User-Agent: Tidak Diketahui | Input: {
    "method": "GET",
    "url": "\/moodle\/admin\/search.php",
    "body": ""
}
2025-04-15 09:16:46,793 - INFO - [2025-04-15T09:16:46.787546] Prediksi: Normal
2025-04-15 09:16:46,794 - INFO - Hasil prediksi: {'prediction': 'Normal'}
2025-04-15 09:16:48,888 - INFO - Memproses payload dari IP ::1: {
    "method": "GET",
    "url": "\/moodle\/admin\/tool\/installaddon\/index.php",
    "body": ""
}
2025-04-15 09:16:48,888 - INFO - [2025-04-15T09:16:48.888929] IP: ::1 | User-Agent: Tidak Diketahui | Input: {
    "method": "GET",
    "url": "\/moodle\/admin\/tool\/installaddon\/index.php",
    "body": ""
}
2025-04-15 09:16:48,895 - INFO - [2025-04-15T09:16:48.888929] Prediksi: Normal
2025-04-15 09:16:48,896 - INFO - Hasil prediksi: {'prediction': 'Normal'}
2025-04-15 09:17:08,976 - INFO - Memproses payload dari IP ::1: {
    "method": "POST",
    "url": "\/moodle\/admin\/tool\/installaddon\/index.php",
    "body": {
        "sesskey": "KSynCGfbKM",
        "_qf__tool_installaddon_installfromzip_form": "1",
        "mform_showmore_id_general": "0",
        "mform_isexpanded_id_general": "1",
        "zipfile": "924553743",
        "plugintype": "",
        "rootdir": "",
        "submitbutton": "Install plugin from the ZIP file"
    }
}
2025-04-15 09:17:08,976 - INFO - [2025-04-15T09:17:08.976406] IP: ::1 | User-Agent: Tidak Diketahui | Input: {
    "method": "POST",
    "url": "\/moodle\/admin\/tool\/installaddon\/index.php",
    "body": {
        "sesskey": "KSynCGfbKM",
        "_qf__tool_installaddon_installfromzip_form": "1",
        "mform_showmore_id_general": "0",
        "mform_isexpanded_id_general": "1",
        "zipfile": "924553743",
        "plugintype": "",
        "rootdir": "",
        "submitbutton": "Install plugin from the ZIP file"
    }
}
2025-04-15 09:17:08,982 - INFO - [2025-04-15T09:17:08.976406] Prediksi: Normal
2025-04-15 09:17:08,983 - INFO - Hasil prediksi: {'prediction': 'Normal'}
2025-04-15 09:17:09,542 - INFO - Memproses payload dari IP ::1: {
    "method": "POST",
    "url": "http:\/\/localhost\/moodle\/admin\/tool\/installaddon\/index.php",
    "body": {
        "sesskey": "KSynCGfbKM",
        "_qf__tool_installaddon_installfromzip_form": "1",
        "mform_showmore_id_general": "0",
        "mform_isexpanded_id_general": "1",
        "zipfile": "924553743",
        "plugintype": "",
        "rootdir": "",
        "submitted_at": "2025-04-15T02:17:08.361Z"
    }
}
2025-04-15 09:17:09,542 - INFO - [2025-04-15T09:17:09.542705] IP: ::1 | User-Agent: Tidak Diketahui | Input: {
    "method": "POST",
    "url": "http:\/\/localhost\/moodle\/admin\/tool\/installaddon\/index.php",
    "body": {
        "sesskey": "KSynCGfbKM",
        "_qf__tool_installaddon_installfromzip_form": "1",
        "mform_showmore_id_general": "0",
        "mform_isexpanded_id_general": "1",
        "zipfile": "924553743",
        "plugintype": "",
        "rootdir": "",
        "submitted_at": "2025-04-15T02:17:08.361Z"
    }
}
2025-04-15 09:17:09,549 - INFO - [2025-04-15T09:17:09.542705] Prediksi: Normal
2025-04-15 09:17:09,550 - INFO - Hasil prediksi: {'prediction': 'Normal'}
2025-04-15 09:17:10,006 - INFO - Memproses payload dari IP ::1: {
    "method": "GET",
    "url": "\/moodle\/admin\/tool\/installaddon\/index.php?installzipcomponent=local_requestlogger&installzipstorage=67fdc1a51a096&sesskey=KSynCGfbKM",
    "body": "installzipcomponent=local_requestlogger&installzipstorage=67fdc1a51a096&sesskey=KSynCGfbKM"
}
2025-04-15 09:17:10,007 - INFO - [2025-04-15T09:17:10.007782] IP: ::1 | User-Agent: Tidak Diketahui | Input: {
    "method": "GET",
    "url": "\/moodle\/admin\/tool\/installaddon\/index.php?installzipcomponent=local_requestlogger&installzipstorage=67fdc1a51a096&sesskey=KSynCGfbKM",
    "body": "installzipcomponent=local_requestlogger&installzipstorage=67fdc1a51a096&sesskey=KSynCGfbKM"
}
2025-04-15 09:17:10,014 - INFO - [2025-04-15T09:17:10.007782] Prediksi: Normal
2025-04-15 09:17:10,015 - INFO - Hasil prediksi: {'prediction': 'Normal'}
2025-04-15 09:17:15,393 - INFO - Memproses payload dari IP ::1: {
    "method": "POST",
    "url": "http:\/\/localhost\/moodle\/admin\/tool\/installaddon\/index.php?installzipcomponent=local_requestlogger&installzipstorage=67fdc1a51a096&sesskey=KSynCGfbKM",
    "body": {
        "installzipcomponent": "local_requestlogger",
        "installzipstorage": "67fdc1a51a096",
        "installzipconfirm": "1",
        "sesskey": "KSynCGfbKM",
        "submitted_at": "2025-04-15T02:17:15.126Z"
    }
}
2025-04-15 09:17:15,393 - INFO - [2025-04-15T09:17:15.393622] IP: ::1 | User-Agent: Tidak Diketahui | Input: {
    "method": "POST",
    "url": "http:\/\/localhost\/moodle\/admin\/tool\/installaddon\/index.php?installzipcomponent=local_requestlogger&installzipstorage=67fdc1a51a096&sesskey=KSynCGfbKM",
    "body": {
        "installzipcomponent": "local_requestlogger",
        "installzipstorage": "67fdc1a51a096",
        "installzipconfirm": "1",
        "sesskey": "KSynCGfbKM",
        "submitted_at": "2025-04-15T02:17:15.126Z"
    }
}
2025-04-15 09:17:15,400 - INFO - [2025-04-15T09:17:15.393622] Prediksi: Normal
2025-04-15 09:17:15,401 - INFO - Hasil prediksi: {'prediction': 'Normal'}
2025-04-15 09:17:15,896 - INFO - Memproses payload dari IP ::1: {
    "method": "POST",
    "url": "\/moodle\/admin\/tool\/installaddon\/index.php",
    "body": {
        "installzipcomponent": "local_requestlogger",
        "installzipstorage": "67fdc1a51a096",
        "installzipconfirm": "1",
        "sesskey": "KSynCGfbKM"
    }
}
2025-04-15 09:17:15,896 - INFO - [2025-04-15T09:17:15.896104] IP: ::1 | User-Agent: Tidak Diketahui | Input: {
    "method": "POST",
    "url": "\/moodle\/admin\/tool\/installaddon\/index.php",
    "body": {
        "installzipcomponent": "local_requestlogger",
        "installzipstorage": "67fdc1a51a096",
        "installzipconfirm": "1",
        "sesskey": "KSynCGfbKM"
    }
}
2025-04-15 09:17:15,902 - INFO - [2025-04-15T09:17:15.896104] Prediksi: Normal
2025-04-15 09:17:15,903 - INFO - Hasil prediksi: {'prediction': 'Normal'}
2025-04-15 09:20:25,181 - INFO - Memproses payload dari IP Tidak Diketahui: 
2025-04-15 09:20:25,181 - INFO - [2025-04-15T09:20:25.181606] IP: Tidak Diketahui | User-Agent: Tidak Diketahui | Input: 
2025-04-15 09:20:25,181 - INFO - Hasil prediksi: {'error': 'Payload diperlukan'}
2025-04-15 09:20:37,171 - INFO - Memproses payload dari IP Tidak Diketahui: 
2025-04-15 09:20:37,172 - INFO - [2025-04-15T09:20:37.171077] IP: Tidak Diketahui | User-Agent: Tidak Diketahui | Input: 
2025-04-15 09:20:37,172 - INFO - Hasil prediksi: {'error': 'Payload diperlukan'}
2025-04-15 09:22:05,783 - INFO - Memproses payload dari IP Tidak Diketahui: 
2025-04-15 09:22:05,784 - INFO - [2025-04-15T09:22:05.784221] IP: Tidak Diketahui | User-Agent: Tidak Diketahui | Input: 
2025-04-15 09:22:05,784 - INFO - Hasil prediksi: {'error': 'Payload diperlukan'}
2025-04-15 09:22:15,353 - INFO - Memproses payload dari IP Tidak Diketahui: 
2025-04-15 09:22:15,353 - INFO - [2025-04-15T09:22:15.353869] IP: Tidak Diketahui | User-Agent: Tidak Diketahui | Input: 
2025-04-15 09:22:15,354 - INFO - Hasil prediksi: {'error': 'Payload diperlukan'}
2025-04-15 09:22:25,338 - INFO - Memproses payload dari IP Tidak Diketahui: 
2025-04-15 09:22:25,338 - INFO - [2025-04-15T09:22:25.338433] IP: Tidak Diketahui | User-Agent: Tidak Diketahui | Input: 
2025-04-15 09:22:25,339 - INFO - Hasil prediksi: {'error': 'Payload diperlukan'}
2025-04-15 09:23:57,423 - INFO - Memproses payload dari IP Tidak Diketahui: 
2025-04-15 09:23:57,424 - INFO - [2025-04-15T09:23:57.424465] IP: Tidak Diketahui | User-Agent: Tidak Diketahui | Input: 
2025-04-15 09:23:57,424 - INFO - Hasil prediksi: {'error': 'Payload diperlukan'}
2025-04-15 09:24:15,095 - INFO - Memproses payload dari IP Tidak Diketahui: 
2025-04-15 09:24:15,095 - INFO - [2025-04-15T09:24:15.095208] IP: Tidak Diketahui | User-Agent: Tidak Diketahui | Input: 
2025-04-15 09:24:15,095 - INFO - Hasil prediksi: {'error': 'Payload diperlukan'}
2025-04-15 09:25:08,591 - INFO - Memproses payload dari IP Tidak Diketahui: 
2025-04-15 09:25:08,591 - INFO - [2025-04-15T09:25:08.591949] IP: Tidak Diketahui | User-Agent: Tidak Diketahui | Input: 
2025-04-15 09:25:08,591 - INFO - Hasil prediksi: {'error': 'Payload diperlukan'}
2025-04-15 09:25:39,576 - INFO - Memproses payload dari IP Tidak Diketahui: 
2025-04-15 09:25:39,576 - INFO - [2025-04-15T09:25:39.576241] IP: Tidak Diketahui | User-Agent: Tidak Diketahui | Input: 
2025-04-15 09:25:39,576 - INFO - Hasil prediksi: {'error': 'Payload diperlukan'}
2025-04-15 09:26:54,823 - INFO - Memproses payload dari IP Tidak Diketahui: 
2025-04-15 09:26:54,824 - INFO - [2025-04-15T09:26:54.824150] IP: Tidak Diketahui | User-Agent: Tidak Diketahui | Input: 
2025-04-15 09:26:54,824 - INFO - Hasil prediksi: {'error': 'Payload diperlukan'}
2025-04-15 09:33:52,874 - INFO - Memproses payload dari IP Tidak Diketahui: {"method": "GET", "url": "/moodle/my/", "body": ""}
2025-04-15 09:33:52,874 - INFO - [2025-04-15T09:33:52.874937] IP: Tidak Diketahui | User-Agent: Tidak Diketahui | Input: {"method": "GET", "url": "/moodle/my/", "body": ""}
2025-04-15 09:33:52,882 - INFO - [2025-04-15T09:33:52.874937] Prediksi: Normal
2025-04-15 09:33:52,883 - INFO - Hasil prediksi: {'prediction': 'Normal'}
2025-04-15 09:48:14,344 - INFO - Memproses: {"timestamp": "15/04/2025 09:48:14.318", "ip": "::1", "user_agent": "Tidak Diketahui", "input": {"method": "GET", "url": "/moodle/?redirect=0", "body": "redirect=0"}}
2025-04-15 09:48:14,344 - INFO - [2025-04-15T09:48:14.344894] IP: ::1 | User-Agent: Tidak Diketahui | Input: {"method": "GET", "url": "/moodle/?redirect=0", "body": "redirect=0"}
2025-04-15 09:48:14,351 - INFO - [2025-04-15T09:48:14.344894] Prediksi: Normal
2025-04-15 09:48:14,352 - INFO - Hasil prediksi: {"prediction": "Normal"}
2025-04-15 09:48:33,532 - INFO - Memproses: {"timestamp": "15/04/2025 09:48:33.515", "ip": "::1", "user_agent": "Tidak Diketahui", "input": {"method": "GET", "url": "/moodle/my/", "body": ""}}
2025-04-15 09:48:33,533 - INFO - [2025-04-15T09:48:33.533627] IP: ::1 | User-Agent: Tidak Diketahui | Input: {"method": "GET", "url": "/moodle/my/", "body": ""}
2025-04-15 09:48:33,539 - INFO - [2025-04-15T09:48:33.533627] Prediksi: Normal
2025-04-15 09:48:33,540 - INFO - Hasil prediksi: {"prediction": "Normal"}
2025-04-16 11:22:42,442 - INFO - Memproses: {"timestamp": "16/04/2025 11:22:42.441", "ip": "::1", "user_agent": "Tidak Diketahui", "input": {"method": "GET", "url": "/moodle/?redirect=0", "body": "redirect=0"}}
2025-04-16 11:22:42,443 - INFO - {"timestamp": "2025-04-16T11:22:42.443378", "ip": "::1", "user_agent": "Tidak Diketahui", "input": "{\"method\": \"GET\", \"url\": \"/moodle/?redirect=0\", \"body\": \"redirect=0\"}"}
2025-04-16 11:22:42,601 - INFO - {"timestamp": "2025-04-16T11:22:42.443378", "prediction": "Normal"}
2025-04-16 11:22:42,605 - INFO - Hasil prediksi: {"prediction": "Normal"}
2025-04-21 09:13:43,737 - INFO - Memproses: {"timestamp": "21/04/2025 09:13:43.736", "ip": "::1", "user_agent": "Tidak Diketahui", "input": {"method": "GET", "url": "/moodle/", "body": ""}}
2025-04-21 09:13:43,738 - INFO - {"timestamp": "2025-04-21T09:13:43.738963", "ip": "::1", "user_agent": "Tidak Diketahui", "input": "{\"method\": \"GET\", \"url\": \"/moodle/\", \"body\": \"\"}"}
2025-04-21 09:13:43,818 - INFO - {"timestamp": "2025-04-21T09:13:43.738963", "prediction": "Normal"}
2025-04-21 09:13:43,818 - INFO - Hasil prediksi: {"prediction": "Normal"}
2025-04-22 08:34:26,899 - INFO - Memproses: {"timestamp": "22/04/2025 08:34:26.655", "ip": "::1", "user_agent": "Tidak Diketahui", "input": {"method": "POST", "url": "http://localhost/moodle/login/index.php", "body": {"logintoken": "IuwA8gjN4ZnNBixrduok3oQL4Jw9Izc5", "username": "admin", "password": "Admin#1234", "submitted_at": "2025-04-22T01:34:26.606Z"}}}
2025-04-22 08:34:26,900 - INFO - {"timestamp": "2025-04-22T08:34:26.900318", "ip": "::1", "user_agent": "Tidak Diketahui", "input": "{\"method\": \"POST\", \"url\": \"http://localhost/moodle/login/index.php\", \"body\": {\"logintoken\": \"IuwA8gjN4ZnNBixrduok3oQL4Jw9Izc5\", \"username\": \"admin\", \"password\": \"Admin#1234\", \"submitted_at\": \"2025-04-22T01:34:26.606Z\"}}"}
2025-04-22 08:34:29,479 - INFO - {"timestamp": "2025-04-22T08:34:26.900318", "prediction": "XSS"}
2025-04-22 08:34:29,479 - INFO - {"prediction": "XSS"}
2025-04-22 08:34:29,545 - INFO - Memproses: {"timestamp": "22/04/2025 08:34:27.627", "ip": "::1", "user_agent": "Tidak Diketahui", "input": {"method": "GET", "url": "/moodle/course/view.php?id=6", "body": "id=6"}}
2025-04-22 08:34:29,546 - INFO - {"timestamp": "2025-04-22T08:34:29.546922", "ip": "::1", "user_agent": "Tidak Diketahui", "input": "{\"method\": \"GET\", \"url\": \"/moodle/course/view.php?id=6\", \"body\": \"id=6\"}"}
2025-04-22 08:34:29,616 - INFO - {"timestamp": "2025-04-22T08:34:29.546922", "prediction": "XSS"}
2025-04-22 08:34:29,619 - INFO - {"prediction": "XSS"}
